Partenza: 1614243688.1006868
Ciclo: 1
POST Temperature 201
POST Humidity 201
POST PM10 201
POST PM2.5 201
Ciclo: 2
POST Temperature 201
POST Humidity 201
POST PM10 201
POST PM2.5 201
Ciclo: 3
POST Temperature 201
POST Humidity 201
POST PM10 201
POST PM2.5 201
Ciclo: 4
POST Temperature 201
POST Humidity 201
POST PM10 201
POST PM2.5 201
Ciclo: 5
POST Temperature 201
POST Humidity 201
POST PM10 201
POST PM2.5 201
Ciclo: 6
POST Temperature 201
POST Humidity 201
POST PM10 201
POST PM2.5 201
Ciclo: 7
POST Temperature 201
POST Humidity 201
POST PM10 201
POST PM2.5 201
Ciclo: 8
POST Temperature 201
POST Humidity 201
POST PM10 201
POST PM2.5 201
Ciclo: 9
POST Temperature 201
POST Humidity 201
POST PM10 201
POST PM2.5 201
Ciclo: 10
POST Temperature 201
POST Humidity 201
POST PM10 201
POST PM2.5 201
Ciclo: 11
POST Temperature 201
POST Humidity 201
POST PM10 201
POST PM2.5 201
Ciclo: 12
POST Temperature 201
POST Humidity 201
POST PM10 201
POST PM2.5 201
Ciclo: 13
POST Temperature 201
POST Humidity 201
POST PM10 201
POST PM2.5 201
Ciclo: 14
POST Temperature 201
POST Humidity 201
POST PM10 201
POST PM2.5 201
Ciclo: 15
POST Temperature 201
POST Humidity 201
POST PM10 201
POST PM2.5 201
Ciclo: 16
POST Temperature 201
POST Humidity 201
POST PM10 201
POST PM2.5 201
Ciclo: 17
POST Temperature 201
POST Humidity 201
POST PM10 201
POST PM2.5 201
Ciclo: 18
POST Temperature 201
POST Humidity 201
POST PM10 201
POST PM2.5 201
Ciclo: 19
POST Temperature 201
POST Humidity 201
POST PM10 201
POST PM2.5 201
Ciclo: 20
POST Temperature 201
POST Humidity 201
POST PM10 201
POST PM2.5 201
Ciclo: 21
POST Temperature 201
POST Humidity 201
POST PM10 201
POST PM2.5 201
Ciclo: 22
POST Temperature 201
POST Humidity 201
POST PM10 201
POST PM2.5 201
Ciclo: 23
POST Temperature 201
POST Humidity 201
POST PM10 201
POST PM2.5 201
Ciclo: 24
POST Temperature 201
POST Humidity 201
POST PM10 201
POST PM2.5 201
Ciclo: 25
POST Temperature 201
POST Humidity 201
POST PM10 201
POST PM2.5 201
Ciclo: 26
POST Temperature 201
POST Humidity 201
POST PM10 201
POST PM2.5 201
Ciclo: 27
POST Temperature 201
POST Humidity 201
POST PM10 201
POST PM2.5 201
Ciclo: 28
POST Temperature 201
POST Humidity 201
POST PM10 201
POST PM2.5 201
Ciclo: 29
POST Temperature 201
POST Humidity 201
POST PM10 201
POST PM2.5 201
Ciclo: 30
POST Temperature 201
POST Humidity 201
POST PM10 201
POST PM2.5 201
Ciclo: 31
POST Temperature 201
POST Humidity 201
POST PM10 201
POST PM2.5 201
Ciclo: 32
POST Temperature 201
POST Humidity 201
POST PM10 201
POST PM2.5 201
Ciclo: 33
POST Temperature 201
POST Humidity 201
POST PM10 201
POST PM2.5 201
Ciclo: 34
POST Temperature 201
POST Humidity 201
POST PM10 201
POST PM2.5 201
Ciclo: 35
POST Temperature 201
POST Humidity 201
POST PM10 201
POST PM2.5 201
Ciclo: 36
POST Temperature 201
POST Humidity 201
POST PM10 201
POST PM2.5 201
Ciclo: 37
POST Temperature 201
POST Humidity 201
POST PM10 201
POST PM2.5 201
Ciclo: 38
POST Temperature 201
POST Humidity 201
POST PM10 201
POST PM2.5 201
Ciclo: 39
POST Temperature 201
POST Humidity 201
POST PM10 201
POST PM2.5 201
Ciclo: 40
POST Temperature 201
POST Humidity 201
POST PM10 201
POST PM2.5 201
Ciclo: 41
POST Temperature 201
POST Humidity 201
POST PM10 201
POST PM2.5 201
Ciclo: 42
POST Temperature 201
POST Humidity 201
POST PM10 201
POST PM2.5 201
Ciclo: 43
POST Temperature 201
POST Humidity 201
POST PM10 201
POST PM2.5 201
Ciclo: 44
POST Temperature 201
POST Humidity 201
POST PM10 201
POST PM2.5 201
Ciclo: 45
POST Temperature 201
POST Humidity 201
POST PM10 201
POST PM2.5 201
Ciclo: 46
Partenza: 1614249978.7110293
Ciclo: 1
POST Temperature 201
POST Humidity 201
POST PM10 201
POST PM2.5 201
Ciclo: 2
POST Temperature 201
POST Humidity 201
POST PM10 201
POST PM2.5 201
Ciclo: 3
POST Temperature 201
POST Humidity 201
POST PM10 201
POST PM2.5 201
Ciclo: 4
POST Temperature 201
POST Humidity 201
POST PM10 201
POST PM2.5 201
Ciclo: 5
POST Temperature 201
POST Humidity 201
POST PM10 201
POST PM2.5 201
Ciclo: 6
POST Temperature 201
POST Humidity 201
POST PM10 201
POST PM2.5 201
Ciclo: 7
POST Temperature 201
POST Humidity 201
POST PM10 201
POST PM2.5 201
Ciclo: 8
POST Temperature 201
POST Humidity 201
POST PM10 201
POST PM2.5 201
Ciclo: 9
POST Temperature 201
POST Humidity 201
POST PM10 201
POST PM2.5 201
Ciclo: 10
POST Temperature 201
POST Humidity 201
POST PM10 201
POST PM2.5 201
Ciclo: 11
POST Temperature 201
POST Humidity 201
POST PM10 201
POST PM2.5 201
Ciclo: 12
POST Temperature 201
POST Humidity 201
POST PM10 201
POST PM2.5 201
Ciclo: 13
POST Temperature 201
POST Humidity 201
POST PM10 201
POST PM2.5 201
Ciclo: 14
POST Temperature 201
POST Humidity 201
POST PM10 201
POST PM2.5 201
Ciclo: 15
POST Temperature 201
POST Humidity 201
POST PM10 201
POST PM2.5 201
Ciclo: 16
POST Temperature 201
POST Humidity 201
POST PM10 201
POST PM2.5 201
Ciclo: 17
POST Temperature 201
POST Humidity 201
POST PM10 201
POST PM2.5 201
Ciclo: 18
POST Temperature 201
POST Humidity 201
POST PM10 201
POST PM2.5 201
Ciclo: 19
POST Temperature 201
POST Humidity 201
POST PM10 201
POST PM2.5 201
Ciclo: 20
POST Temperature 201
POST Humidity 201
POST PM10 201
POST PM2.5 201
Ciclo: 21
POST Temperature 201
POST Humidity 201
POST PM10 201
POST PM2.5 201
Ciclo: 22
POST Temperature 201
POST Humidity 201
POST PM10 201
POST PM2.5 201
Ciclo: 23
POST Temperature 201
POST Humidity 201
POST PM10 201
POST PM2.5 201
Ciclo: 24
POST Temperature 201
POST Humidity 201
POST PM10 201
POST PM2.5 201
Ciclo: 25
POST Temperature 201
POST Humidity 201
POST PM10 201
POST PM2.5 201
Ciclo: 26
POST Temperature 201
POST Humidity 201
POST PM10 201
POST PM2.5 201
Ciclo: 27
POST Temperature 201
POST Humidity 201
POST PM10 201
POST PM2.5 201
Ciclo: 28
POST Temperature 201
POST Humidity 201
POST PM10 201
POST PM2.5 201
Ciclo: 29
POST Temperature 201
POST Humidity 201
POST PM10 201
POST PM2.5 201
Ciclo: 30
POST Temperature 201
POST Humidity 201
POST PM10 201
POST PM2.5 201
Ciclo: 31
POST Temperature 201
POST Humidity 201
POST PM10 201
POST PM2.5 201
Ciclo: 32
POST Temperature 201
POST Humidity 201
POST PM10 201
POST PM2.5 201
Ciclo: 33
POST Temperature 201
POST Humidity 201
POST PM10 201
POST PM2.5 201
Ciclo: 34
POST Temperature 201
POST Humidity 201
POST PM10 201
POST PM2.5 201
Ciclo: 35
POST Temperature 201
POST Humidity 201
POST PM10 201
POST PM2.5 201
Ciclo: 36
POST Temperature 201
POST Humidity 201
POST PM10 201
POST PM2.5 201
Ciclo: 37
POST Temperature 201
POST Humidity 201
POST PM10 201
POST PM2.5 201
Ciclo: 38
POST Temperature 201
POST Humidity 201
POST PM10 201
POST PM2.5 201
Ciclo: 39
POST Temperature 201
POST Humidity 201
POST PM10 201
POST PM2.5 201
Ciclo: 40
POST Temperature 201
POST Humidity 201
POST PM10 201
POST PM2.5 201
Ciclo: 41
POST Temperature 201
POST Humidity 201
POST PM10 201
POST PM2.5 201
Ciclo: 42
POST Temperature 201
POST Humidity 201
POST PM10 201
POST PM2.5 201
Ciclo: 43
POST Temperature 201
POST Humidity 201
POST PM10 201
POST PM2.5 201
Ciclo: 44
POST Temperature 201
POST Humidity 201
POST PM10 201
POST PM2.5 201
Ciclo: 45
POST Temperature 201
POST Humidity 201
POST PM10 201
POST PM2.5 201
Ciclo: 46
POST Temperature 201
POST Humidity 201
POST PM10 201
POST PM2.5 201
Ciclo: 47
POST Temperature 201
POST Humidity 201
POST PM10 201
POST PM2.5 201
Ciclo: 48
POST Temperature 201
POST Humidity 201
POST PM10 201
POST PM2.5 201
Ciclo: 49
POST Temperature 201
POST Humidity 201
POST PM10 201
POST PM2.5 201
Ciclo: 50
POST Temperature 201
POST Humidity 201
POST PM10 201
POST PM2.5 201
Ciclo: 51
POST Temperature 201
POST Humidity 201
POST PM10 201
POST PM2.5 201
Ciclo: 52
POST Temperature 201
POST Humidity 201
POST PM10 201
POST PM2.5 201
Ciclo: 53
POST Temperature 201
POST Humidity 201
POST PM10 201
POST PM2.5 201
Ciclo: 54
POST Temperature 201
POST Humidity 201
POST PM10 201
POST PM2.5 201
Ciclo: 55
POST Temperature 201
POST Humidity 201
POST PM10 201
POST PM2.5 201
Ciclo: 56
POST Temperature 201
POST Humidity 201
POST PM10 201
POST PM2.5 201
Ciclo: 57
POST Temperature 201
POST Humidity 201
POST PM10 201
POST PM2.5 201
Ciclo: 58
POST Temperature 201
POST Humidity 201
POST PM10 201
POST PM2.5 201
Ciclo: 59
POST Temperature 201
POST Humidity 201
POST PM10 201
POST PM2.5 201
Ciclo: 60
POST Temperature 201
POST Humidity 201
POST PM10 201
POST PM2.5 201
Ciclo: 61
POST Temperature 201
POST Humidity 201
POST PM10 201
POST PM2.5 201
Ciclo: 62
POST Temperature 201
POST Humidity 201
POST PM10 201
POST PM2.5 201
Ciclo: 63
POST Temperature 201
POST Humidity 201
POST PM10 201
POST PM2.5 201
Ciclo: 64
POST Temperature 201
POST Humidity 201
POST PM10 201
POST PM2.5 201
Ciclo: 65
POST Temperature 201
POST Humidity 201
POST PM10 201
POST PM2.5 201
Ciclo: 66
POST Temperature 201
POST Humidity 201
POST PM10 201
POST PM2.5 201
Ciclo: 67
POST Temperature 201
POST Humidity 201
POST PM10 201
POST PM2.5 201
Ciclo: 68
POST Temperature 201
POST Humidity 201
POST PM10 201
POST PM2.5 201
Ciclo: 69
POST Temperature 201
POST Humidity 201
POST PM10 201
POST PM2.5 201
Ciclo: 70
POST Temperature 201
POST Humidity 201
POST PM10 201
POST PM2.5 201
Ciclo: 71
POST Temperature 201
POST Humidity 201
POST PM10 201
POST PM2.5 201
Ciclo: 72
POST Temperature 201
POST Humidity 201
POST PM10 201
POST PM2.5 201
Ciclo: 73
POST Temperature 201
POST Humidity 201
POST PM10 201
POST PM2.5 201
Ciclo: 74
POST Temperature 201
POST Humidity 201
POST PM10 201
POST PM2.5 201
Ciclo: 75
POST Temperature 201
POST Humidity 201
POST PM10 201
POST PM2.5 201
Ciclo: 76
POST Temperature 201
POST Humidity 201
POST PM10 201
POST PM2.5 201
Ciclo: 77
POST Temperature 201
POST Humidity 201
POST PM10 201
POST PM2.5 201
Ciclo: 78
POST Temperature 201
POST Humidity 201
POST PM10 201
POST PM2.5 201
Ciclo: 79
POST Temperature 201
POST Humidity 201
POST PM10 201
POST PM2.5 201
Ciclo: 80
POST Temperature 201
POST Humidity 201
POST PM10 201
POST PM2.5 201
Ciclo: 81
POST Temperature 201
POST Humidity 201
POST PM10 201
POST PM2.5 201
Ciclo: 82
POST Temperature 201
POST Humidity 201
POST PM10 201
POST PM2.5 201
Ciclo: 83
POST Temperature 201
POST Humidity 201
POST PM10 201
POST PM2.5 201
Ciclo: 84
POST Temperature 201
POST Humidity 201
POST PM10 201
POST PM2.5 201
Ciclo: 85
POST Temperature 201
POST Humidity 201
POST PM10 201
POST PM2.5 201
Ciclo: 86
POST Temperature 201
POST Humidity 201
POST PM10 201
POST PM2.5 201
Ciclo: 87
POST Temperature 201
POST Humidity 201
POST PM10 201
POST PM2.5 201
Ciclo: 88
POST Temperature 201
POST Humidity 201
POST PM10 201
POST PM2.5 201
Ciclo: 89
POST Temperature 201
POST Humidity 201
POST PM10 201
POST PM2.5 201
Ciclo: 90
POST Temperature 201
POST Humidity 201
POST PM10 201
POST PM2.5 201
Ciclo: 91
POST Temperature 201
POST Humidity 201
POST PM10 201
POST PM2.5 201
Ciclo: 92
POST Temperature 201
POST Humidity 201
POST PM10 201
POST PM2.5 201
Ciclo: 93
POST Temperature 201
POST Humidity 201
POST PM10 201
POST PM2.5 201
Ciclo: 94
POST Temperature 201
POST Humidity 201
POST PM10 201
POST PM2.5 201
Ciclo: 95
POST Temperature 201
POST Humidity 201
POST PM10 201
POST PM2.5 201
Ciclo: 96
POST Temperature 201
POST Humidity 201
POST PM10 201
POST PM2.5 201
Ciclo: 97
POST Temperature 201
POST Humidity 201
POST PM10 201
POST PM2.5 201
Ciclo: 98
POST Temperature 201
POST Humidity 201
POST PM10 201
POST PM2.5 201
Ciclo: 99
POST Temperature 201
POST Humidity 201
POST PM10 201
POST PM2.5 201
Ciclo: 100
POST Temperature 201
POST Humidity 201
POST PM10 201
POST PM2.5 201
Ciclo: 101
POST Temperature 201
POST Humidity 201
POST PM10 201
POST PM2.5 201
Ciclo: 102
POST Temperature 201
POST Humidity 201
POST PM10 201
POST PM2.5 201
Ciclo: 103
POST Temperature 201
POST Humidity 201
POST PM10 201
POST PM2.5 201
Ciclo: 104
POST Temperature 201
POST Humidity 201
POST PM10 201
POST PM2.5 201
Ciclo: 105
POST Temperature 201
POST Humidity 201
POST PM10 201
POST PM2.5 201
Ciclo: 106
POST Temperature 201
POST Humidity 201
POST PM10 201
POST PM2.5 201
Ciclo: 107
POST Temperature 201
POST Humidity 201
POST PM10 201
POST PM2.5 201
Ciclo: 108
POST Temperature 201
POST Humidity 201
POST PM10 201
POST PM2.5 201
Ciclo: 109
POST Temperature 201
POST Humidity 201
POST PM10 201
POST PM2.5 201
Ciclo: 110
POST Temperature 201
POST Humidity 201
POST PM10 201
POST PM2.5 201
Ciclo: 111
POST Temperature 201
POST Humidity 201
POST PM10 201
POST PM2.5 201
Ciclo: 112
POST Temperature 201
POST Humidity 201
POST PM10 201
POST PM2.5 201
Ciclo: 113
POST Temperature 201
POST Humidity 201
POST PM10 201
POST PM2.5 201
Ciclo: 114
POST Temperature 201
POST Humidity 201
POST PM10 201
POST PM2.5 201
Ciclo: 115
POST Temperature 201
POST Humidity 201
POST PM10 201
POST PM2.5 201
Ciclo: 116
POST Temperature 201
POST Humidity 201
POST PM10 201
POST PM2.5 201
Ciclo: 117
POST Temperature 201
POST Humidity 201
POST PM10 201
POST PM2.5 201
Ciclo: 118
POST Temperature 201
POST Humidity 201
POST PM10 201
POST PM2.5 201
Ciclo: 119
POST Temperature 201
POST Humidity 201
POST PM10 201
POST PM2.5 201
Ciclo: 120
POST Temperature 201
POST Humidity 201
POST PM10 201
POST PM2.5 201
Ciclo: 121
POST Temperature 201
POST Humidity 201
POST PM10 201
POST PM2.5 201
Ciclo: 122
POST Temperature 201
POST Humidity 201
POST PM10 201
POST PM2.5 201
Ciclo: 123
POST Temperature 201
POST Humidity 201
POST PM10 201
POST PM2.5 201
Ciclo: 124
POST Temperature 201
POST Humidity 201
POST PM10 201
POST PM2.5 201
Ciclo: 125
POST Temperature 201
POST Humidity 201
POST PM10 201
POST PM2.5 201
Ciclo: 126
POST Temperature 201
POST Humidity 201
POST PM10 201
POST PM2.5 201
Ciclo: 127
POST Temperature 201
POST Humidity 201
POST PM10 201
POST PM2.5 201
Ciclo: 128
POST Temperature 201
POST Humidity 201
POST PM10 201
POST PM2.5 201
Ciclo: 129
POST Temperature 201
POST Humidity 201
POST PM10 201
POST PM2.5 201
Ciclo: 130
POST Temperature 201
POST Humidity 201
POST PM10 201
POST PM2.5 201
Ciclo: 131
POST Temperature 201
POST Humidity 201
POST PM10 201
POST PM2.5 201
Ciclo: 132
POST Temperature 201
POST Humidity 201
POST PM10 201
POST PM2.5 201
Ciclo: 133
POST Temperature 201
POST Humidity 201
POST PM10 201
POST PM2.5 201
Ciclo: 134
POST Temperature 201
POST Humidity 201
POST PM10 201
POST PM2.5 201
Ciclo: 135
POST Temperature 201
POST Humidity 201
POST PM10 201
POST PM2.5 201
Ciclo: 136
POST Temperature 201
POST Humidity 201
POST PM10 201
POST PM2.5 201
Ciclo: 137
POST Temperature 201
POST Humidity 201
POST PM10 201
POST PM2.5 201
Ciclo: 138
POST Temperature 201
POST Humidity 201
POST PM10 201
POST PM2.5 201
Ciclo: 139
POST Temperature 201
POST Humidity 201
POST PM10 201
POST PM2.5 201
Ciclo: 140
POST Temperature 201
POST Humidity 201
POST PM10 201
POST PM2.5 201
Ciclo: 141
POST Temperature 201
POST Humidity 201
POST PM10 201
POST PM2.5 201
Ciclo: 142
POST Temperature 201
POST Humidity 201
POST PM10 201
POST PM2.5 201
Ciclo: 143
POST Temperature 201
POST Humidity 201
POST PM10 201
POST PM2.5 201
Ciclo: 144
POST Temperature 201
POST Humidity 201
POST PM10 201
POST PM2.5 201
Ciclo: 145
POST Temperature 201
POST Humidity 201
POST PM10 201
POST PM2.5 201
Ciclo: 146
POST Temperature 201
POST Humidity 201
POST PM10 201
POST PM2.5 201
Ciclo: 147
POST Temperature 201
POST Humidity 201
POST PM10 201
POST PM2.5 201
Ciclo: 148
POST Temperature 201
POST Humidity 201
POST PM10 201
POST PM2.5 201
Ciclo: 149
POST Temperature 201
POST Humidity 201
POST PM10 201
POST PM2.5 201
Ciclo: 150
POST Temperature 201
POST Humidity 201
POST PM10 201
POST PM2.5 201
Ciclo: 151
POST Temperature 201
POST Humidity 201
POST PM10 201
POST PM2.5 201
Ciclo: 152
POST Temperature 201
POST Humidity 201
POST PM10 201
POST PM2.5 201
Ciclo: 153
POST Temperature 201
POST Humidity 201
POST PM10 201
POST PM2.5 201
Ciclo: 154
POST Temperature 201
POST Humidity 201
POST PM10 201
POST PM2.5 201
Ciclo: 155
POST Temperature 201
POST Humidity 201
POST PM10 201
POST PM2.5 201
Ciclo: 156
POST Temperature 201
POST Humidity 201
POST PM10 201
POST PM2.5 201
Ciclo: 157
POST Temperature 201
POST Humidity 201
POST PM10 201
POST PM2.5 201
Ciclo: 158
POST Temperature 201
POST Humidity 201
POST PM10 201
POST PM2.5 201
Ciclo: 159
POST Temperature 201
POST Humidity 201
POST PM10 201
POST PM2.5 201
Ciclo: 160
POST Temperature 201
POST Humidity 201
POST PM10 201
POST PM2.5 201
Ciclo: 161
POST Temperature 201
POST Humidity 201
POST PM10 201
POST PM2.5 201
Ciclo: 162
POST Temperature 201
POST Humidity 201
POST PM10 201
POST PM2.5 201
Ciclo: 163
POST Temperature 201
POST Humidity 201
POST PM10 201
POST PM2.5 201
Ciclo: 164
POST Temperature 201
POST Humidity 201
POST PM10 201
POST PM2.5 201
Ciclo: 165
POST Temperature 201
POST Humidity 201
POST PM10 201
POST PM2.5 201
Ciclo: 166
POST Temperature 201
POST Humidity 201
POST PM10 201
POST PM2.5 201
Ciclo: 167
POST Temperature 201
POST Humidity 201
POST PM10 201
POST PM2.5 201
Ciclo: 168
POST Temperature 201
POST Humidity 201
POST PM10 201
POST PM2.5 201
Ciclo: 169
POST Temperature 201
POST Humidity 201
POST PM10 201
POST PM2.5 201
Ciclo: 170
POST Temperature 201
POST Humidity 201
POST PM10 201
POST PM2.5 201
Ciclo: 171
POST Temperature 201
POST Humidity 201
POST PM10 201
POST PM2.5 201
Ciclo: 172
POST Temperature 201
POST Humidity 201
POST PM10 201
POST PM2.5 201
Ciclo: 173
POST Temperature 201
POST Humidity 201
POST PM10 201
POST PM2.5 201
Ciclo: 174
POST Temperature 201
POST Humidity 201
POST PM10 201
POST PM2.5 201
Ciclo: 175
POST Temperature 201
POST Humidity 201
POST PM10 201
POST PM2.5 201
Ciclo: 176
POST Temperature 201
POST Humidity 201
POST PM10 201
POST PM2.5 201
Ciclo: 177
POST Temperature 201
POST Humidity 201
POST PM10 201
POST PM2.5 201
Ciclo: 178
POST Temperature 201
POST Humidity 201
POST PM10 201
POST PM2.5 201
Ciclo: 179
POST Temperature 201
POST Humidity 201
POST PM10 201
POST PM2.5 201
Ciclo: 180
POST Temperature 201
POST Humidity 201
POST PM10 201
POST PM2.5 201
Ciclo: 181
POST Temperature 201
POST Humidity 201
POST PM10 201
POST PM2.5 201
Ciclo: 182
POST Temperature 201
POST Humidity 201
POST PM10 201
POST PM2.5 201
Ciclo: 183
POST Temperature 201
POST Humidity 201
POST PM10 201
POST PM2.5 201
Ciclo: 184
POST Temperature 201
POST Humidity 201
POST PM10 201
POST PM2.5 201
Ciclo: 185
POST Temperature 201
POST Humidity 201
POST PM10 201
POST PM2.5 201
Ciclo: 186
POST Temperature 201
POST Humidity 201
POST PM10 201
POST PM2.5 201
Ciclo: 187
POST Temperature 201
POST Humidity 201
POST PM10 201
POST PM2.5 201
Ciclo: 188
POST Temperature 201
POST Humidity 201
POST PM10 201
POST PM2.5 201
Ciclo: 189
POST Temperature 201
POST Humidity 201
POST PM10 201
POST PM2.5 201
Ciclo: 190
POST Temperature 201
POST Humidity 201
POST PM10 201
POST PM2.5 201
Ciclo: 191
POST Temperature 201
POST Humidity 201
POST PM10 201
POST PM2.5 201
Ciclo: 192
POST Temperature 201
POST Humidity 201
POST PM10 201
POST PM2.5 201
Ciclo: 193
POST Temperature 201
POST Humidity 201
POST PM10 201
POST PM2.5 201
Ciclo: 194
POST Temperature 201
POST Humidity 201
POST PM10 201
POST PM2.5 201
Ciclo: 195
POST Temperature 201
POST Humidity 201
POST PM10 201
POST PM2.5 201
Ciclo: 196
POST Temperature 201
POST Humidity 201
POST PM10 201
POST PM2.5 201
Ciclo: 197
POST Temperature 201
POST Humidity 201
POST PM10 201
POST PM2.5 201
Ciclo: 198
POST Temperature 201
POST Humidity 201
POST PM10 201
POST PM2.5 201
Ciclo: 199
POST Temperature 201
POST Humidity 201
POST PM10 201
POST PM2.5 201
Ciclo: 200
POST Temperature 201
POST Humidity 201
POST PM10 201
POST PM2.5 201
Ciclo: 201
POST Temperature 201
POST Humidity 201
POST PM10 201
POST PM2.5 201
Ciclo: 202
POST Temperature 201
POST Humidity 201
POST PM10 201
POST PM2.5 201
Ciclo: 203
POST Temperature 201
POST Humidity 201
POST PM10 201
POST PM2.5 201
Ciclo: 204
POST Temperature 201
POST Humidity 201
POST PM10 201
POST PM2.5 201
Ciclo: 205
POST Temperature 201
POST Humidity 201
POST PM10 201
POST PM2.5 201
Ciclo: 206
POST Temperature 201
POST Humidity 201
POST PM10 201
POST PM2.5 201
Ciclo: 207
POST Temperature 201
POST Humidity 201
POST PM10 201
POST PM2.5 201
Ciclo: 208
POST Temperature 201
POST Humidity 201
POST PM10 201
POST PM2.5 201
Ciclo: 209
POST Temperature 201
POST Humidity 201
POST PM10 201
POST PM2.5 201
Ciclo: 210
POST Temperature 201
POST Humidity 201
POST PM10 201
POST PM2.5 201
Ciclo: 211
POST Temperature 201
POST Humidity 201
POST PM10 201
POST PM2.5 201
Ciclo: 212
POST Temperature 201
POST Humidity 201
POST PM10 201
POST PM2.5 201
Ciclo: 213
POST Temperature 201
POST Humidity 201
POST PM10 201
POST PM2.5 201
Ciclo: 214
POST Temperature 201
POST Humidity 201
POST PM10 201
POST PM2.5 201
Ciclo: 215
POST Temperature 201
POST Humidity 201
POST PM10 201
POST PM2.5 201
Ciclo: 216
POST Temperature 201
POST Humidity 201
POST PM10 201
POST PM2.5 201
Ciclo: 217
POST Temperature 201
POST Humidity 201
POST PM10 201
POST PM2.5 201
Ciclo: 218
POST Temperature 201
POST Humidity 201
POST PM10 201
POST PM2.5 201
Ciclo: 219
POST Temperature 201
POST Humidity 201
POST PM10 201
POST PM2.5 201
Ciclo: 220
POST Temperature 201
POST Humidity 201
POST PM10 201
POST PM2.5 201
Ciclo: 221
POST Temperature 201
POST Humidity 201
POST PM10 201
POST PM2.5 201
Ciclo: 222
POST Temperature 201
POST Humidity 201
POST PM10 201
POST PM2.5 201
Ciclo: 223
POST Temperature 201
POST Humidity 201
POST PM10 201
POST PM2.5 201
Ciclo: 224
POST Temperature 201
POST Humidity 201
POST PM10 201
POST PM2.5 201
Ciclo: 225
POST Temperature 201
POST Humidity 201
POST PM10 201
POST PM2.5 201
Ciclo: 226
POST Temperature 201
POST Humidity 201
POST PM10 201
POST PM2.5 201
Ciclo: 227
POST Temperature 201
POST Humidity 201
POST PM10 201
POST PM2.5 201
Ciclo: 228
POST Temperature 201
POST Humidity 201
POST PM10 201
POST PM2.5 201
Ciclo: 229
POST Temperature 201
POST Humidity 201
POST PM10 201
POST PM2.5 201
Ciclo: 230
POST Temperature 201
POST Humidity 201
POST PM10 201
POST PM2.5 201
Ciclo: 231
POST Temperature 201
POST Humidity 201
POST PM10 201
POST PM2.5 201
Ciclo: 232
POST Temperature 201
POST Humidity 201
POST PM10 201
POST PM2.5 201
Ciclo: 233
POST Temperature 201
POST Humidity 201
POST PM10 201
POST PM2.5 201
Ciclo: 234
POST Temperature 201
POST Humidity 201
POST PM10 201
POST PM2.5 201
Ciclo: 235
POST Temperature 201
POST Humidity 201
POST PM10 201
POST PM2.5 201
Ciclo: 236
POST Temperature 201
POST Humidity 201
POST PM10 201
POST PM2.5 201
Ciclo: 237
POST Temperature 201
POST Humidity 201
POST PM10 201
POST PM2.5 201
Ciclo: 238
POST Temperature 201
POST Humidity 201
POST PM10 201
POST PM2.5 201
Ciclo: 239
POST Temperature 201
POST Humidity 201
POST PM10 201
POST PM2.5 201
Ciclo: 240
POST Temperature 201
POST Humidity 201
POST PM10 201
POST PM2.5 201
Ciclo: 241
POST Temperature 201
POST Humidity 201
POST PM10 201
POST PM2.5 201
Ciclo: 242
POST Temperature 201
POST Humidity 201
POST PM10 201
POST PM2.5 201
Ciclo: 243
POST Temperature 201
POST Humidity 201
POST PM10 201
POST PM2.5 201
Ciclo: 244
POST Temperature 201
POST Humidity 201
POST PM10 201
POST PM2.5 201
Ciclo: 245
POST Temperature 201
POST Humidity 201
POST PM10 201
POST PM2.5 201
Ciclo: 246
POST Temperature 201
POST Humidity 201
POST PM10 201
POST PM2.5 201
Ciclo: 247
POST Temperature 201
POST Humidity 201
POST PM10 201
POST PM2.5 201
Ciclo: 248
POST Temperature 201
POST Humidity 201
POST PM10 201
POST PM2.5 201
Ciclo: 249
POST Temperature 201
POST Humidity 201
POST PM10 201
POST PM2.5 201
Ciclo: 250
POST Temperature 201
POST Humidity 201
POST PM10 201
POST PM2.5 201
Ciclo: 251
POST Temperature 201
POST Humidity 201
POST PM10 201
POST PM2.5 201
Ciclo: 252
POST Temperature 201
POST Humidity 201
POST PM10 201
POST PM2.5 201
Ciclo: 253
POST Temperature 201
POST Humidity 201
POST PM10 201
POST PM2.5 201
Ciclo: 254
POST Temperature 201
POST Humidity 201
POST PM10 201
POST PM2.5 201
Ciclo: 255
POST Temperature 201
POST Humidity 201
POST PM10 201
POST PM2.5 201
Ciclo: 256
POST Temperature 201
POST Humidity 201
POST PM10 201
POST PM2.5 201
Ciclo: 257
POST Temperature 201
POST Humidity 201
POST PM10 201
POST PM2.5 201
Ciclo: 258
POST Temperature 201
POST Humidity 201
POST PM10 201
POST PM2.5 201
Ciclo: 259
POST Temperature 201
POST Humidity 201
POST PM10 201
POST PM2.5 201
Ciclo: 260
POST Temperature 201
POST Humidity 201
POST PM10 201
POST PM2.5 201
Ciclo: 261
POST Temperature 201
POST Humidity 201
POST PM10 201
POST PM2.5 201
Ciclo: 262
POST Temperature 201
POST Humidity 201
POST PM10 201
POST PM2.5 201
Ciclo: 263
POST Temperature 201
POST Humidity 201
POST PM10 201
POST PM2.5 201
Ciclo: 264
POST Temperature 201
POST Humidity 201
POST PM10 201
POST PM2.5 201
Ciclo: 265
POST Temperature 201
POST Humidity 201
POST PM10 201
POST PM2.5 201
Ciclo: 266
POST Temperature 201
POST Humidity 201
POST PM10 201
POST PM2.5 201
Ciclo: 267
POST Temperature 201
POST Humidity 201
POST PM10 201
POST PM2.5 201
Ciclo: 268
POST Temperature 201
POST Humidity 201
POST PM10 201
POST PM2.5 201
Ciclo: 269
POST Temperature 201
POST Humidity 201
POST PM10 201
POST PM2.5 201
Ciclo: 270
POST Temperature 201
POST Humidity 201
POST PM10 201
POST PM2.5 201
Ciclo: 271
POST Temperature 201
POST Humidity 201
POST PM10 201
POST PM2.5 201
Ciclo: 272
POST Temperature 201
POST Humidity 201
POST PM10 201
POST PM2.5 201
Ciclo: 273
POST Temperature 201
POST Humidity 201
POST PM10 201
POST PM2.5 201
Ciclo: 274
POST Temperature 201
POST Humidity 201
POST PM10 201
POST PM2.5 201
Ciclo: 275
POST Temperature 201
POST Humidity 201
POST PM10 201
POST PM2.5 201
Ciclo: 276
POST Temperature 201
POST Humidity 201
POST PM10 201
POST PM2.5 201
Ciclo: 277
POST Temperature 201
POST Humidity 201
POST PM10 201
POST PM2.5 201
Ciclo: 278
POST Temperature 201
POST Humidity 201
POST PM10 201
POST PM2.5 201
Ciclo: 279
POST Temperature 201
POST Humidity 201
POST PM10 201
POST PM2.5 201
Ciclo: 280
POST Temperature 201
POST Humidity 201
POST PM10 201
POST PM2.5 201
Ciclo: 281
POST Temperature 201
POST Humidity 201
POST PM10 201
POST PM2.5 201
Ciclo: 282
POST Temperature 201
POST Humidity 201
POST PM10 201
POST PM2.5 201
Ciclo: 283
POST Temperature 201
POST Humidity 201
POST PM10 201
POST PM2.5 201
Ciclo: 284
POST Temperature 201
POST Humidity 201
POST PM10 201
POST PM2.5 201
Ciclo: 285
POST Temperature 201
POST Humidity 201
POST PM10 201
POST PM2.5 201
Ciclo: 286
POST Temperature 201
POST Humidity 201
POST PM10 201
POST PM2.5 201
Ciclo: 287
POST Temperature 201
POST Humidity 201
POST PM10 201
POST PM2.5 201
Ciclo: 288
POST Temperature 201
POST Humidity 201
POST PM10 201
POST PM2.5 201
Ciclo: 289
POST Temperature 201
POST Humidity 201
POST PM10 201
POST PM2.5 201
Ciclo: 290
POST Temperature 201
POST Humidity 201
POST PM10 201
POST PM2.5 201
Ciclo: 291
POST Temperature 201
POST Humidity 201
POST PM10 201
POST PM2.5 201
Ciclo: 292
POST Temperature 201
POST Humidity 201
POST PM10 201
POST PM2.5 201
Ciclo: 293
POST Temperature 201
POST Humidity 201
POST PM10 201
POST PM2.5 201
Ciclo: 294
POST Temperature 201
POST Humidity 201
POST PM10 201
POST PM2.5 201
Ciclo: 295
POST Temperature 201
POST Humidity 201
POST PM10 201
POST PM2.5 201
Ciclo: 296
POST Temperature 201
POST Humidity 201
POST PM10 201
POST PM2.5 201
Ciclo: 297
POST Temperature 201
POST Humidity 201
POST PM10 201
POST PM2.5 201
Ciclo: 298
POST Temperature 201
POST Humidity 201
POST PM10 201
POST PM2.5 201
Ciclo: 299
POST Temperature 201
POST Humidity 201
POST PM10 201
POST PM2.5 201
Ciclo: 300
POST Temperature 201
POST Humidity 201
POST PM10 201
POST PM2.5 201
Ciclo: 301
POST Temperature 201
POST Humidity 201
POST PM10 201
POST PM2.5 201
Ciclo: 302
POST Temperature 201
POST Humidity 201
POST PM10 201
POST PM2.5 201
Ciclo: 303
POST Temperature 201
POST Humidity 201
POST PM10 201
POST PM2.5 201
Ciclo: 304
POST Temperature 201
POST Humidity 201
POST PM10 201
POST PM2.5 201
Ciclo: 305
POST Temperature 201
POST Humidity 201
POST PM10 201
POST PM2.5 201
Ciclo: 306
POST Temperature 201
POST Humidity 201
POST PM10 201
POST PM2.5 201
Ciclo: 307
POST Temperature 201
POST Humidity 201
POST PM10 201
POST PM2.5 201
Ciclo: 308
POST Temperature 201
POST Humidity 201
POST PM10 201
POST PM2.5 201
Ciclo: 309
POST Temperature 201
POST Humidity 201
POST PM10 201
POST PM2.5 201
Ciclo: 310
POST Temperature 201
POST Humidity 201
POST PM10 201
POST PM2.5 201
Ciclo: 311
POST Temperature 201
POST Humidity 201
POST PM10 201
POST PM2.5 201
Ciclo: 312
POST Temperature 201
POST Humidity 201
POST PM10 201
POST PM2.5 201
Ciclo: 313
POST Temperature 201
POST Humidity 201
POST PM10 201
POST PM2.5 201
Ciclo: 314
POST Temperature 201
POST Humidity 201
POST PM10 201
POST PM2.5 201
Ciclo: 315
POST Temperature 201
POST Humidity 201
POST PM10 201
POST PM2.5 201
Ciclo: 316
POST Temperature 201
POST Humidity 201
POST PM10 201
POST PM2.5 201
Ciclo: 317
POST Temperature 201
POST Humidity 201
POST PM10 201
POST PM2.5 201
Ciclo: 318
POST Temperature 201
POST Humidity 201
POST PM10 201
POST PM2.5 201
Ciclo: 319
POST Temperature 201
POST Humidity 201
POST PM10 201
POST PM2.5 201
Ciclo: 320
POST Temperature 201
POST Humidity 201
POST PM10 201
POST PM2.5 201
Ciclo: 321
POST Temperature 201
POST Humidity 201
POST PM10 201
POST PM2.5 201
Ciclo: 322
POST Temperature 201
POST Humidity 201
POST PM10 201
POST PM2.5 201
Ciclo: 323
POST Temperature 201
POST Humidity 201
POST PM10 201
POST PM2.5 201
Ciclo: 324
POST Temperature 201
POST Humidity 201
POST PM10 201
POST PM2.5 201
Ciclo: 325
POST Temperature 201
POST Humidity 201
POST PM10 201
POST PM2.5 201
Ciclo: 326
POST Temperature 201
POST Humidity 201
POST PM10 201
POST PM2.5 201
Ciclo: 327
POST Temperature 201
POST Humidity 201
POST PM10 201
POST PM2.5 201
Ciclo: 328
POST Temperature 201
POST Humidity 201
POST PM10 201
POST PM2.5 201
Ciclo: 329
POST Temperature 201
POST Humidity 201
POST PM10 201
POST PM2.5 201
Ciclo: 330
POST Temperature 201
POST Humidity 201
POST PM10 201
POST PM2.5 201
Ciclo: 331
POST Temperature 201
POST Humidity 201
POST PM10 201
POST PM2.5 201
Ciclo: 332
POST Temperature 201
POST Humidity 201
POST PM10 201
POST PM2.5 201
Ciclo: 333
POST Temperature 201
POST Humidity 201
POST PM10 201
POST PM2.5 201
Ciclo: 334
POST Temperature 201
POST Humidity 201
POST PM10 201
POST PM2.5 201
Ciclo: 335
POST Temperature 201
POST Humidity 201
POST PM10 201
POST PM2.5 201
Ciclo: 336
POST Temperature 201
POST Humidity 201
POST PM10 201
POST PM2.5 201
Ciclo: 337
POST Temperature 201
POST Humidity 201
POST PM10 201
POST PM2.5 201
Ciclo: 338
POST Temperature 201
POST Humidity 201
POST PM10 201
POST PM2.5 201
Ciclo: 339
POST Temperature 201
POST Humidity 201
POST PM10 201
POST PM2.5 201
Ciclo: 340
POST Temperature 201
POST Humidity 201
POST PM10 201
POST PM2.5 201
Ciclo: 341
POST Temperature 201
POST Humidity 201
POST PM10 201
POST PM2.5 201
Ciclo: 342
POST Temperature 201
POST Humidity 201
POST PM10 201
POST PM2.5 201
Ciclo: 343
POST Temperature 201
POST Humidity 201
POST PM10 201
POST PM2.5 201
Ciclo: 344
POST Temperature 201
POST Humidity 201
POST PM10 201
POST PM2.5 201
Ciclo: 345
POST Temperature 201
POST Humidity 201
POST PM10 201
POST PM2.5 201
Ciclo: 346
POST Temperature 201
POST Humidity 201
POST PM10 201
POST PM2.5 201
Ciclo: 347
POST Temperature 201
POST Humidity 201
POST PM10 201
POST PM2.5 201
Ciclo: 348
POST Temperature 201
POST Humidity 201
POST PM10 201
POST PM2.5 201
Ciclo: 349
POST Temperature 201
POST Humidity 201
POST PM10 201
POST PM2.5 201
Ciclo: 350
POST Temperature 201
POST Humidity 201
POST PM10 201
POST PM2.5 201
Ciclo: 351
POST Temperature 201
POST Humidity 201
POST PM10 201
POST PM2.5 201
Ciclo: 352
POST Temperature 201
POST Humidity 201
POST PM10 201
POST PM2.5 201
Ciclo: 353
POST Temperature 201
POST Humidity 201
POST PM10 201
POST PM2.5 201
Ciclo: 354
POST Temperature 201
POST Humidity 201
POST PM10 201
POST PM2.5 201
Ciclo: 355
POST Temperature 201
POST Humidity 201
POST PM10 201
POST PM2.5 201
Ciclo: 356
POST Temperature 201
POST Humidity 201
POST PM10 201
POST PM2.5 201
Ciclo: 357
POST Temperature 201
POST Humidity 201
POST PM10 201
POST PM2.5 201
Ciclo: 358
POST Temperature 201
POST Humidity 201
POST PM10 201
POST PM2.5 201
Ciclo: 359
POST Temperature 201
POST Humidity 201
POST PM10 201
POST PM2.5 201
Ciclo: 360
POST Temperature 201
POST Humidity 201
POST PM10 201
POST PM2.5 201
Ciclo: 361
POST Temperature 201
POST Humidity 201
POST PM10 201
POST PM2.5 201
Ciclo: 362
POST Temperature 201
POST Humidity 201
POST PM10 201
POST PM2.5 201
Ciclo: 363
POST Temperature 201
POST Humidity 201
POST PM10 201
POST PM2.5 201
Ciclo: 364
POST Temperature 201
POST Humidity 201
POST PM10 201
POST PM2.5 201
Ciclo: 365
POST Temperature 201
POST Humidity 201
POST PM10 201
POST PM2.5 201
Ciclo: 366
POST Temperature 201
POST Humidity 201
POST PM10 201
POST PM2.5 201
Ciclo: 367
POST Temperature 201
POST Humidity 201
POST PM10 201
POST PM2.5 201
Ciclo: 368
POST Temperature 201
POST Humidity 201
POST PM10 201
POST PM2.5 201
Ciclo: 369
POST Temperature 201
POST Humidity 201
POST PM10 201
POST PM2.5 201
Ciclo: 370
POST Temperature 201
POST Humidity 201
POST PM10 201
POST PM2.5 201
Ciclo: 371
POST Temperature 201
POST Humidity 201
POST PM10 201
POST PM2.5 201
Ciclo: 372
POST Temperature 201
POST Humidity 201
POST PM10 201
POST PM2.5 201
Ciclo: 373
POST Temperature 201
POST Humidity 201
POST PM10 201
POST PM2.5 201
Ciclo: 374
POST Temperature 201
POST Humidity 201
POST PM10 201
POST PM2.5 201
Ciclo: 375
POST Temperature 201
POST Humidity 201
POST PM10 201
POST PM2.5 201
Ciclo: 376
POST Temperature 201
POST Humidity 201
POST PM10 201
POST PM2.5 201
Ciclo: 377
POST Temperature 201
POST Humidity 201
POST PM10 201
POST PM2.5 201
Ciclo: 378
POST Temperature 201
POST Humidity 201
POST PM10 201
POST PM2.5 201
Ciclo: 379
POST Temperature 201
POST Humidity 201
POST PM10 201
POST PM2.5 201
Ciclo: 380
POST Temperature 201
POST Humidity 201
POST PM10 201
POST PM2.5 201
Ciclo: 381
POST Temperature 201
POST Humidity 201
POST PM10 201
POST PM2.5 201
Ciclo: 382
POST Temperature 201
POST Humidity 201
POST PM10 201
POST PM2.5 201
Ciclo: 383
POST Temperature 201
POST Humidity 201
POST PM10 201
POST PM2.5 201
Ciclo: 384
POST Temperature 201
POST Humidity 201
POST PM10 201
POST PM2.5 201
Ciclo: 385
POST Temperature 201
POST Humidity 201
POST PM10 201
POST PM2.5 201
Ciclo: 386
POST Temperature 201
POST Humidity 201
POST PM10 201
POST PM2.5 201
Ciclo: 387
POST Temperature 201
POST Humidity 201
POST PM10 201
POST PM2.5 201
Ciclo: 388
POST Temperature 201
POST Humidity 201
POST PM10 201
POST PM2.5 201
Ciclo: 389
POST Temperature 201
POST Humidity 201
POST PM10 201
POST PM2.5 201
Ciclo: 390
POST Temperature 201
POST Humidity 201
POST PM10 201
POST PM2.5 201
Ciclo: 391
POST Temperature 201
POST Humidity 201
POST PM10 201
POST PM2.5 201
Ciclo: 392
POST Temperature 201
POST Humidity 201
POST PM10 201
POST PM2.5 201
Ciclo: 393
POST Temperature 201
POST Humidity 201
POST PM10 201
POST PM2.5 201
Ciclo: 394
POST Temperature 201
POST Humidity 201
POST PM10 201
POST PM2.5 201
Ciclo: 395
POST Temperature 201
POST Humidity 201
POST PM10 201
POST PM2.5 201
Ciclo: 396
POST Temperature 201
POST Humidity 201
POST PM10 201
POST PM2.5 201
Ciclo: 397
POST Temperature 201
POST Humidity 201
POST PM10 201
POST PM2.5 201
Ciclo: 398
POST Temperature 201
POST Humidity 201
POST PM10 201
POST PM2.5 201
Ciclo: 399
POST Temperature 201
POST Humidity 201
POST PM10 201
POST PM2.5 201
Ciclo: 400
POST Temperature 201
POST Humidity 201
POST PM10 201
POST PM2.5 201
Ciclo: 401
POST Temperature 201
POST Humidity 201
POST PM10 201
POST PM2.5 201
Ciclo: 402
POST Temperature 201
POST Humidity 201
POST PM10 201
POST PM2.5 201
Ciclo: 403
POST Temperature 201
POST Humidity 201
POST PM10 201
POST PM2.5 201
Ciclo: 404
POST Temperature 201
POST Humidity 201
POST PM10 201
POST PM2.5 201
Ciclo: 405
POST Temperature 201
POST Humidity 201
POST PM10 201
POST PM2.5 201
Ciclo: 406
POST Temperature 201
POST Humidity 201
POST PM10 201
POST PM2.5 201
Ciclo: 407
POST Temperature 201
POST Humidity 201
POST PM10 201
POST PM2.5 201
Ciclo: 408
POST Temperature 201
POST Humidity 201
POST PM10 201
POST PM2.5 201
Ciclo: 409
POST Temperature 201
POST Humidity 201
POST PM10 201
POST PM2.5 201
Ciclo: 410
POST Temperature 201
POST Humidity 201
POST PM10 201
POST PM2.5 201
Ciclo: 411
POST Temperature 201
POST Humidity 201
POST PM10 201
POST PM2.5 201
Ciclo: 412
POST Temperature 201
POST Humidity 201
POST PM10 201
POST PM2.5 201
Ciclo: 413
POST Temperature 201
POST Humidity 201
POST PM10 201
POST PM2.5 201
Ciclo: 414
POST Temperature 201
POST Humidity 201
POST PM10 201
POST PM2.5 201
Ciclo: 415
POST Temperature 201
POST Humidity 201
POST PM10 201
POST PM2.5 201
Ciclo: 416
POST Temperature 201
POST Humidity 201
POST PM10 201
POST PM2.5 201
Ciclo: 417
POST Temperature 201
POST Humidity 201
POST PM10 201
POST PM2.5 201
Ciclo: 418
POST Temperature 201
POST Humidity 201
POST PM10 201
POST PM2.5 201
Ciclo: 419
POST Temperature 201
POST Humidity 201
POST PM10 201
POST PM2.5 201
Ciclo: 420
POST Temperature 201
POST Humidity 201
POST PM10 201
POST PM2.5 201
Ciclo: 421
POST Temperature 201
POST Humidity 201
POST PM10 201
POST PM2.5 201
Ciclo: 422
POST Temperature 201
POST Humidity 201
POST PM10 201
POST PM2.5 201
Ciclo: 423
POST Temperature 201
POST Humidity 201
POST PM10 201
POST PM2.5 201
Ciclo: 424
POST Temperature 201
POST Humidity 201
POST PM10 201
POST PM2.5 201
Ciclo: 425
POST Temperature 201
POST Humidity 201
POST PM10 201
POST PM2.5 201
Ciclo: 426
POST Temperature 201
POST Humidity 201
POST PM10 201
POST PM2.5 201
Ciclo: 427
POST Temperature 201
POST Humidity 201
POST PM10 201
POST PM2.5 201
Ciclo: 428
POST Temperature 201
POST Humidity 201
POST PM10 201
POST PM2.5 201
Ciclo: 429
POST Temperature 201
POST Humidity 201
POST PM10 201
POST PM2.5 201
Ciclo: 430
POST Temperature 201
POST Humidity 201
POST PM10 201
POST PM2.5 201
Ciclo: 431
POST Temperature 201
POST Humidity 201
POST PM10 201
POST PM2.5 201
Ciclo: 432
POST Temperature 201
POST Humidity 201
POST PM10 201
POST PM2.5 201
Ciclo: 433
POST Temperature 201
POST Humidity 201
POST PM10 201
POST PM2.5 201
Ciclo: 434
POST Temperature 201
POST Humidity 201
POST PM10 201
POST PM2.5 201
Ciclo: 435
POST Temperature 201
POST Humidity 201
POST PM10 201
POST PM2.5 201
Ciclo: 436
POST Temperature 201
POST Humidity 201
POST PM10 201
POST PM2.5 201
Ciclo: 437
POST Temperature 201
POST Humidity 201
POST PM10 201
POST PM2.5 201
Ciclo: 438
POST Temperature 201
POST Humidity 201
POST PM10 201
POST PM2.5 201
Ciclo: 439
POST Temperature 201
POST Humidity 201
POST PM10 201
POST PM2.5 201
Ciclo: 440
POST Temperature 201
POST Humidity 201
POST PM10 201
POST PM2.5 201
Ciclo: 441
POST Temperature 201
POST Humidity 201
POST PM10 201
POST PM2.5 201
Ciclo: 442
POST Temperature 201
POST Humidity 201
POST PM10 201
POST PM2.5 201
Ciclo: 443
POST Temperature 201
POST Humidity 201
POST PM10 201
POST PM2.5 201
Ciclo: 444
POST Temperature 201
POST Humidity 201
POST PM10 201
POST PM2.5 201
Ciclo: 445
POST Temperature 201
POST Humidity 201
POST PM10 201
POST PM2.5 201
Ciclo: 446
POST Temperature 201
POST Humidity 201
POST PM10 201
POST PM2.5 201
Ciclo: 447
POST Temperature 201
POST Humidity 201
POST PM10 201
POST PM2.5 201
Ciclo: 448
POST Temperature 201
POST Humidity 201
POST PM10 201
POST PM2.5 201
Ciclo: 449
POST Temperature 201
POST Humidity 201
POST PM10 201
POST PM2.5 201
Ciclo: 450
POST Temperature 201
POST Humidity 201
POST PM10 201
POST PM2.5 201
Ciclo: 451
POST Temperature 201
POST Humidity 201
POST PM10 201
POST PM2.5 201
Ciclo: 452
POST Temperature 201
POST Humidity 201
POST PM10 201
POST PM2.5 201
Ciclo: 453
POST Temperature 201
POST Humidity 201
POST PM10 201
POST PM2.5 201
Ciclo: 454
POST Temperature 201
POST Humidity 201
POST PM10 201
POST PM2.5 201
Ciclo: 455
POST Temperature 201
POST Humidity 201
POST PM10 201
POST PM2.5 201
Ciclo: 456
POST Temperature 201
POST Humidity 201
POST PM10 201
POST PM2.5 201
Ciclo: 457
POST Temperature 201
POST Humidity 201
POST PM10 201
POST PM2.5 201
Ciclo: 458
POST Temperature 201
POST Humidity 201
POST PM10 201
POST PM2.5 201
Ciclo: 459
POST Temperature 201
POST Humidity 201
POST PM10 201
POST PM2.5 201
Ciclo: 460
POST Temperature 201
POST Humidity 201
POST PM10 201
POST PM2.5 201
Ciclo: 461
POST Temperature 201
POST Humidity 201
POST PM10 201
POST PM2.5 201
Ciclo: 462
POST Temperature 201
POST Humidity 201
POST PM10 201
POST PM2.5 201
Ciclo: 463
POST Temperature 201
POST Humidity 201
POST PM10 201
POST PM2.5 201
Ciclo: 464
POST Temperature 201
POST Humidity 201
POST PM10 201
POST PM2.5 201
Ciclo: 465
POST Temperature 201
POST Humidity 201
POST PM10 201
POST PM2.5 201
Ciclo: 466
POST Temperature 201
POST Humidity 201
POST PM10 201
POST PM2.5 201
Ciclo: 467
POST Temperature 201
POST Humidity 201
POST PM10 201
POST PM2.5 201
Ciclo: 468
POST Temperature 201
POST Humidity 201
POST PM10 201
POST PM2.5 201
Ciclo: 469
POST Temperature 201
POST Humidity 201
POST PM10 201
POST PM2.5 201
Ciclo: 470
POST Temperature 201
POST Humidity 201
POST PM10 201
POST PM2.5 201
Ciclo: 471
POST Temperature 201
POST Humidity 201
POST PM10 201
POST PM2.5 201
Ciclo: 472
POST Temperature 201
POST Humidity 201
POST PM10 201
POST PM2.5 201
Ciclo: 473
POST Temperature 201
POST Humidity 201
POST PM10 201
POST PM2.5 201
Ciclo: 474
POST Temperature 201
POST Humidity 201
POST PM10 201
POST PM2.5 201
Ciclo: 475
POST Temperature 201
POST Humidity 201
POST PM10 201
POST PM2.5 201
Ciclo: 476
POST Temperature 201
POST Humidity 201
POST PM10 201
POST PM2.5 201
Ciclo: 477
POST Temperature 201
POST Humidity 201
POST PM10 201
POST PM2.5 201
Ciclo: 478
POST Temperature 201
POST Humidity 201
POST PM10 201
POST PM2.5 201
Ciclo: 479
POST Temperature 201
POST Humidity 201
POST PM10 201
POST PM2.5 201
Ciclo: 480
POST Temperature 201
POST Humidity 201
POST PM10 201
POST PM2.5 201
Ciclo: 481
POST Temperature 201
POST Humidity 201
POST PM10 201
POST PM2.5 201
Ciclo: 482
POST Temperature 201
POST Humidity 201
POST PM10 201
POST PM2.5 201
Ciclo: 483
POST Temperature 201
POST Humidity 201
POST PM10 201
POST PM2.5 201
Ciclo: 484
POST Temperature 201
POST Humidity 201
POST PM10 201
POST PM2.5 201
Ciclo: 485
POST Temperature 201
POST Humidity 201
POST PM10 201
POST PM2.5 201
Ciclo: 486
POST Temperature 201
POST Humidity 201
POST PM10 201
POST PM2.5 201
Ciclo: 487
POST Temperature 201
POST Humidity 201
POST PM10 201
POST PM2.5 201
Ciclo: 488
POST Temperature 201
POST Humidity 201
POST PM10 201
POST PM2.5 201
Ciclo: 489
POST Temperature 201
POST Humidity 201
POST PM10 201
POST PM2.5 201
Ciclo: 490
POST Temperature 201
POST Humidity 201
POST PM10 201
POST PM2.5 201
Ciclo: 491
POST Temperature 201
POST Humidity 201
POST PM10 201
POST PM2.5 201
Ciclo: 492
POST Temperature 201
POST Humidity 201
POST PM10 201
POST PM2.5 201
Ciclo: 493
POST Temperature 201
POST Humidity 201
POST PM10 201
POST PM2.5 201
Ciclo: 494
POST Temperature 201
POST Humidity 201
POST PM10 201
POST PM2.5 201
Ciclo: 495
POST Temperature 201
POST Humidity 201
POST PM10 201
POST PM2.5 201
Ciclo: 496
POST Temperature 201
POST Humidity 201
POST PM10 201
POST PM2.5 201
Ciclo: 497
POST Temperature 201
POST Humidity 201
POST PM10 201
POST PM2.5 201
Ciclo: 498
POST Temperature 201
POST Humidity 201
POST PM10 201
POST PM2.5 201
Ciclo: 499
POST Temperature 201
POST Humidity 201
POST PM10 201
POST PM2.5 201
Ciclo: 500
POST Temperature 201
POST Humidity 201
POST PM10 201
POST PM2.5 201
Ciclo: 501
POST Temperature 201
POST Humidity 201
POST PM10 201
POST PM2.5 201
Ciclo: 502
POST Temperature 201
POST Humidity 201
POST PM10 201
POST PM2.5 201
Ciclo: 503
POST Temperature 201
POST Humidity 201
POST PM10 201
POST PM2.5 201
Ciclo: 504
POST Temperature 201
POST Humidity 201
POST PM10 201
POST PM2.5 201
Ciclo: 505
POST Temperature 201
POST Humidity 201
POST PM10 201
POST PM2.5 201
Ciclo: 506
POST Temperature 201
POST Humidity 201
POST PM10 201
POST PM2.5 201
Ciclo: 507
POST Temperature 201
POST Humidity 201
POST PM10 201
POST PM2.5 201
Ciclo: 508
POST Temperature 201
POST Humidity 201
POST PM10 201
POST PM2.5 201
Ciclo: 509
POST Temperature 201
POST Humidity 201
POST PM10 201
POST PM2.5 201
Ciclo: 510
POST Temperature 201
POST Humidity 201
POST PM10 201
POST PM2.5 201
Ciclo: 511
POST Temperature 201
POST Humidity 201
POST PM10 201
POST PM2.5 201
Ciclo: 512
POST Temperature 201
POST Humidity 201
POST PM10 201
POST PM2.5 201
Ciclo: 513
POST Temperature 201
POST Humidity 201
POST PM10 201
POST PM2.5 201
Ciclo: 514
POST Temperature 201
POST Humidity 201
POST PM10 201
POST PM2.5 201
Ciclo: 515
POST Temperature 201
POST Humidity 201
POST PM10 201
POST PM2.5 201
Ciclo: 516
POST Temperature 201
POST Humidity 201
POST PM10 201
POST PM2.5 201
Ciclo: 517
POST Temperature 201
POST Humidity 201
POST PM10 201
POST PM2.5 201
Ciclo: 518
POST Temperature 201
POST Humidity 201
POST PM10 201
POST PM2.5 201
Ciclo: 519
POST Temperature 201
POST Humidity 201
POST PM10 201
POST PM2.5 201
Ciclo: 520
POST Temperature 201
POST Humidity 201
POST PM10 201
POST PM2.5 201
Ciclo: 521
POST Temperature 201
POST Humidity 201
POST PM10 201
POST PM2.5 201
Ciclo: 522
POST Temperature 201
POST Humidity 201
POST PM10 201
POST PM2.5 201
Ciclo: 523
POST Temperature 201
POST Humidity 201
POST PM10 201
POST PM2.5 201
Ciclo: 524
POST Temperature 201
POST Humidity 201
POST PM10 201
POST PM2.5 201
Ciclo: 525
POST Temperature 201
POST Humidity 201
POST PM10 201
POST PM2.5 201
Ciclo: 526
POST Temperature 201
POST Humidity 201
POST PM10 201
POST PM2.5 201
Ciclo: 527
POST Temperature 201
POST Humidity 201
POST PM10 201
POST PM2.5 201
Ciclo: 528
POST Temperature 201
POST Humidity 201
POST PM10 201
POST PM2.5 201
Ciclo: 529
POST Temperature 201
POST Humidity 201
POST PM10 201
POST PM2.5 201
Ciclo: 530
POST Temperature 201
POST Humidity 201
POST PM10 201
POST PM2.5 201
Ciclo: 531
POST Temperature 201
POST Humidity 201
POST PM10 201
POST PM2.5 201
Ciclo: 532
POST Temperature 201
POST Humidity 201
POST PM10 201
POST PM2.5 201
Ciclo: 533
POST Temperature 201
POST Humidity 201
POST PM10 201
POST PM2.5 201
Ciclo: 534
POST Temperature 201
POST Humidity 201
POST PM10 201
POST PM2.5 201
Ciclo: 535
POST Temperature 201
POST Humidity 201
POST PM10 201
POST PM2.5 201
Ciclo: 536
POST Temperature 201
POST Humidity 201
POST PM10 201
POST PM2.5 201
Ciclo: 537
POST Temperature 201
POST Humidity 201
POST PM10 201
POST PM2.5 201
Ciclo: 538
POST Temperature 201
POST Humidity 201
POST PM10 201
POST PM2.5 201
Ciclo: 539
POST Temperature 201
POST Humidity 201
POST PM10 201
POST PM2.5 201
Ciclo: 540
POST Temperature 201
POST Humidity 201
POST PM10 201
POST PM2.5 201
Ciclo: 541
POST Temperature 201
POST Humidity 201
POST PM10 201
POST PM2.5 201
Ciclo: 542
POST Temperature 201
POST Humidity 201
POST PM10 201
POST PM2.5 201
Ciclo: 543
POST Temperature 201
POST Humidity 201
POST PM10 201
POST PM2.5 201
Ciclo: 544
POST Temperature 201
POST Humidity 201
POST PM10 201
POST PM2.5 201
Ciclo: 545
POST Temperature 201
POST Humidity 201
POST PM10 201
POST PM2.5 201
Ciclo: 546
POST Temperature 201
POST Humidity 201
POST PM10 201
POST PM2.5 201
Ciclo: 547
POST Temperature 201
POST Humidity 201
POST PM10 201
POST PM2.5 201
Ciclo: 548
POST Temperature 201
POST Humidity 201
POST PM10 201
POST PM2.5 201
Ciclo: 549
POST Temperature 201
POST Humidity 201
POST PM10 201
POST PM2.5 201
Ciclo: 550
POST Temperature 201
POST Humidity 201
POST PM10 201
POST PM2.5 201
Ciclo: 551
POST Temperature 201
POST Humidity 201
POST PM10 201
POST PM2.5 201
Ciclo: 552
POST Temperature 201
POST Humidity 201
POST PM10 201
POST PM2.5 201
Ciclo: 553
POST Temperature 201
POST Humidity 201
POST PM10 201
POST PM2.5 201
Ciclo: 554
POST Temperature 201
POST Humidity 201
POST PM10 201
POST PM2.5 201
Ciclo: 555
POST Temperature 201
POST Humidity 201
POST PM10 201
POST PM2.5 201
Ciclo: 556
POST Temperature 201
POST Humidity 201
POST PM10 201
POST PM2.5 201
Ciclo: 557
POST Temperature 201
POST Humidity 201
POST PM10 201
POST PM2.5 201
Ciclo: 558
POST Temperature 201
POST Humidity 201
POST PM10 201
POST PM2.5 201
Ciclo: 559
POST Temperature 201
POST Humidity 201
POST PM10 201
POST PM2.5 201
Ciclo: 560
POST Temperature 201
POST Humidity 201
POST PM10 201
POST PM2.5 201
Ciclo: 561
POST Temperature 201
POST Humidity 201
POST PM10 201
POST PM2.5 201
Ciclo: 562
POST Temperature 201
POST Humidity 201
POST PM10 201
POST PM2.5 201
Ciclo: 563
POST Temperature 201
POST Humidity 201
POST PM10 201
POST PM2.5 201
Ciclo: 564
POST Temperature 201
POST Humidity 201
POST PM10 201
POST PM2.5 201
Ciclo: 565
POST Temperature 201
POST Humidity 201
POST PM10 201
POST PM2.5 201
Ciclo: 566
POST Temperature 201
POST Humidity 201
POST PM10 201
POST PM2.5 201
Ciclo: 567
POST Temperature 201
POST Humidity 201
POST PM10 201
POST PM2.5 201
Ciclo: 568
POST Temperature 201
POST Humidity 201
POST PM10 201
POST PM2.5 201
Ciclo: 569
POST Temperature 201
POST Humidity 201
POST PM10 201
POST PM2.5 201
Ciclo: 570
POST Temperature 201
POST Humidity 201
POST PM10 201
POST PM2.5 201
Ciclo: 571
POST Temperature 201
POST Humidity 201
POST PM10 201
POST PM2.5 201
Ciclo: 572
POST Temperature 201
POST Humidity 201
POST PM10 201
POST PM2.5 201
Ciclo: 573
POST Temperature 201
POST Humidity 201
POST PM10 201
POST PM2.5 201
Ciclo: 574
POST Temperature 201
POST Humidity 201
POST PM10 201
POST PM2.5 201
Ciclo: 575
POST Temperature 201
POST Humidity 201
POST PM10 201
POST PM2.5 201
Ciclo: 576
POST Temperature 201
POST Humidity 201
POST PM10 201
POST PM2.5 201
Ciclo: 577
POST Temperature 201
POST Humidity 201
POST PM10 201
POST PM2.5 201
Ciclo: 578
POST Temperature 201
POST Humidity 201
POST PM10 201
POST PM2.5 201
Ciclo: 579
POST Temperature 201
POST Humidity 201
POST PM10 201
POST PM2.5 201
Ciclo: 580
POST Temperature 201
POST Humidity 201
POST PM10 201
POST PM2.5 201
Ciclo: 581
POST Temperature 201
POST Humidity 201
POST PM10 201
POST PM2.5 201
Ciclo: 582
POST Temperature 201
POST Humidity 201
POST PM10 201
POST PM2.5 201
Ciclo: 583
POST Temperature 201
POST Humidity 201
POST PM10 201
POST PM2.5 201
Ciclo: 584
POST Temperature 201
POST Humidity 201
POST PM10 201
POST PM2.5 201
Ciclo: 585
POST Temperature 201
POST Humidity 201
POST PM10 201
POST PM2.5 201
Ciclo: 586
POST Temperature 201
POST Humidity 201
POST PM10 201
POST PM2.5 201
Ciclo: 587
POST Temperature 201
POST Humidity 201
POST PM10 201
POST PM2.5 201
Ciclo: 588
POST Temperature 201
POST Humidity 201
POST PM10 201
POST PM2.5 201
Ciclo: 589
POST Temperature 201
POST Humidity 201
POST PM10 201
POST PM2.5 201
Ciclo: 590
POST Temperature 201
POST Humidity 201
POST PM10 201
POST PM2.5 201
Ciclo: 591
POST Temperature 201
POST Humidity 201
POST PM10 201
POST PM2.5 201
Ciclo: 592
POST Temperature 201
POST Humidity 201
POST PM10 201
POST PM2.5 201
Ciclo: 593
POST Temperature 201
POST Humidity 201
POST PM10 201
POST PM2.5 201
Ciclo: 594
POST Temperature 201
POST Humidity 201
POST PM10 201
POST PM2.5 201
Ciclo: 595
POST Temperature 201
POST Humidity 201
POST PM10 201
POST PM2.5 201
Ciclo: 596
POST Temperature 201
POST Humidity 201
POST PM10 201
POST PM2.5 201
Ciclo: 597
POST Temperature 201
POST Humidity 201
POST PM10 201
POST PM2.5 201
Ciclo: 598
POST Temperature 201
POST Humidity 201
POST PM10 201
POST PM2.5 201
Ciclo: 599
POST Temperature 201
POST Humidity 201
POST PM10 201
POST PM2.5 201
Ciclo: 600
POST Temperature 201
POST Humidity 201
POST PM10 201
POST PM2.5 201
Ciclo: 601
POST Temperature 201
POST Humidity 201
POST PM10 201
POST PM2.5 201
Ciclo: 602
POST Temperature 201
POST Humidity 201
POST PM10 201
POST PM2.5 201
Ciclo: 603
POST Temperature 201
POST Humidity 201
POST PM10 201
POST PM2.5 201
Ciclo: 604
POST Temperature 201
POST Humidity 201
POST PM10 201
POST PM2.5 201
Ciclo: 605
POST Temperature 201
POST Humidity 201
POST PM10 201
POST PM2.5 201
Ciclo: 606
POST Temperature 201
POST Humidity 201
POST PM10 201
POST PM2.5 201
Ciclo: 607
POST Temperature 201
POST Humidity 201
POST PM10 201
POST PM2.5 201
Ciclo: 608
POST Temperature 201
POST Humidity 201
POST PM10 201
POST PM2.5 201
Ciclo: 609
POST Temperature 201
POST Humidity 201
POST PM10 201
POST PM2.5 201
Ciclo: 610
POST Temperature 201
POST Humidity 201
POST PM10 201
POST PM2.5 201
Ciclo: 611
POST Temperature 201
POST Humidity 201
POST PM10 201
POST PM2.5 201
Ciclo: 612
POST Temperature 201
POST Humidity 201
POST PM10 201
POST PM2.5 201
Ciclo: 613
POST Temperature 201
POST Humidity 201
POST PM10 201
POST PM2.5 201
Ciclo: 614
POST Temperature 201
POST Humidity 201
POST PM10 201
POST PM2.5 201
Ciclo: 615
POST Temperature 201
POST Humidity 201
POST PM10 201
POST PM2.5 201
Ciclo: 616
POST Temperature 201
POST Humidity 201
POST PM10 201
POST PM2.5 201
Ciclo: 617
POST Temperature 201
POST Humidity 201
POST PM10 201
POST PM2.5 201
Ciclo: 618
POST Temperature 201
POST Humidity 201
POST PM10 201
POST PM2.5 201
Ciclo: 619
POST Temperature 201
POST Humidity 201
POST PM10 201
POST PM2.5 201
Ciclo: 620
POST Temperature 201
POST Humidity 201
POST PM10 201
POST PM2.5 201
Ciclo: 621
POST Temperature 201
POST Humidity 201
POST PM10 201
POST PM2.5 201
Ciclo: 622
POST Temperature 201
POST Humidity 201
POST PM10 201
POST PM2.5 201
Ciclo: 623
POST Temperature 201
POST Humidity 201
POST PM10 201
POST PM2.5 201
Ciclo: 624
POST Temperature 201
POST Humidity 201
POST PM10 201
POST PM2.5 201
Ciclo: 625
POST Temperature 201
POST Humidity 201
POST PM10 201
POST PM2.5 201
Ciclo: 626
POST Temperature 201
POST Humidity 201
POST PM10 201
POST PM2.5 201
Ciclo: 627
POST Temperature 201
POST Humidity 201
POST PM10 201
POST PM2.5 201
Ciclo: 628
POST Temperature 201
POST Humidity 201
POST PM10 201
POST PM2.5 201
Ciclo: 629
POST Temperature 201
POST Humidity 201
POST PM10 201
POST PM2.5 201
Ciclo: 630
POST Temperature 201
POST Humidity 201
POST PM10 201
POST PM2.5 201
Ciclo: 631
POST Temperature 201
POST Humidity 201
POST PM10 201
POST PM2.5 201
Ciclo: 632
POST Temperature 201
POST Humidity 201
POST PM10 201
POST PM2.5 201
Ciclo: 633
POST Temperature 201
POST Humidity 201
POST PM10 201
POST PM2.5 201
Ciclo: 634
POST Temperature 201
POST Humidity 201
POST PM10 201
POST PM2.5 201
Ciclo: 635
POST Temperature 201
POST Humidity 201
POST PM10 201
POST PM2.5 201
Ciclo: 636
POST Temperature 201
POST Humidity 201
POST PM10 201
POST PM2.5 201
Ciclo: 637
POST Temperature 201
POST Humidity 201
POST PM10 201
POST PM2.5 201
Ciclo: 638
POST Temperature 201
POST Humidity 201
POST PM10 201
POST PM2.5 201
Ciclo: 639
POST Temperature 201
POST Humidity 201
POST PM10 201
POST PM2.5 201
Ciclo: 640
POST Temperature 201
POST Humidity 201
POST PM10 201
POST PM2.5 201
Ciclo: 641
POST Temperature 201
POST Humidity 201
POST PM10 201
POST PM2.5 201
Ciclo: 642
POST Temperature 201
POST Humidity 201
POST PM10 201
POST PM2.5 201
Ciclo: 643
POST Temperature 201
POST Humidity 201
POST PM10 201
POST PM2.5 201
Ciclo: 644
POST Temperature 201
POST Humidity 201
POST PM10 201
POST PM2.5 201
Ciclo: 645
POST Temperature 201
POST Humidity 201
POST PM10 201
POST PM2.5 201
Ciclo: 646
POST Temperature 201
POST Humidity 201
POST PM10 201
POST PM2.5 201
Ciclo: 647
POST Temperature 201
POST Humidity 201
POST PM10 201
POST PM2.5 201
Ciclo: 648
POST Temperature 201
POST Humidity 201
POST PM10 201
POST PM2.5 201
Ciclo: 649
POST Temperature 201
POST Humidity 201
POST PM10 201
POST PM2.5 201
Ciclo: 650
POST Temperature 201
POST Humidity 201
POST PM10 201
POST PM2.5 201
Ciclo: 651
POST Temperature 201
POST Humidity 201
POST PM10 201
POST PM2.5 201
Ciclo: 652
POST Temperature 201
POST Humidity 201
POST PM10 201
POST PM2.5 201
Ciclo: 653
POST Temperature 201
POST Humidity 201
POST PM10 201
POST PM2.5 201
Ciclo: 654
POST Temperature 201
POST Humidity 201
POST PM10 201
POST PM2.5 201
Ciclo: 655
POST Temperature 201
POST Humidity 201
POST PM10 201
POST PM2.5 201
Ciclo: 656
POST Temperature 201
POST Humidity 201
POST PM10 201
POST PM2.5 201
Ciclo: 657
POST Temperature 201
POST Humidity 201
POST PM10 201
POST PM2.5 201
Ciclo: 658
POST Temperature 201
POST Humidity 201
POST PM10 201
POST PM2.5 201
Ciclo: 659
POST Temperature 201
POST Humidity 201
POST PM10 201
POST PM2.5 201
Ciclo: 660
POST Temperature 201
POST Humidity 201
POST PM10 201
POST PM2.5 201
Ciclo: 661
POST Temperature 201
POST Humidity 201
POST PM10 201
POST PM2.5 201
Ciclo: 662
POST Temperature 201
POST Humidity 201
POST PM10 201
POST PM2.5 201
Ciclo: 663
POST Temperature 201
POST Humidity 201
POST PM10 201
POST PM2.5 201
Ciclo: 664
POST Temperature 201
POST Humidity 201
POST PM10 201
POST PM2.5 201
Ciclo: 665
POST Temperature 201
POST Humidity 201
POST PM10 201
POST PM2.5 201
Ciclo: 666
POST Temperature 201
POST Humidity 201
POST PM10 201
POST PM2.5 201
Ciclo: 667
POST Temperature 201
POST Humidity 201
POST PM10 201
POST PM2.5 201
Ciclo: 668
POST Temperature 201
POST Humidity 201
POST PM10 201
POST PM2.5 201
Ciclo: 669
POST Temperature 201
POST Humidity 201
POST PM10 201
POST PM2.5 201
Ciclo: 670
POST Temperature 201
POST Humidity 201
POST PM10 201
POST PM2.5 201
Ciclo: 671
POST Temperature 201
POST Humidity 201
POST PM10 201
POST PM2.5 201
Ciclo: 672
POST Temperature 201
POST Humidity 201
POST PM10 201
POST PM2.5 201
Ciclo: 673
POST Temperature 201
POST Humidity 201
POST PM10 201
POST PM2.5 201
Ciclo: 674
POST Temperature 201
POST Humidity 201
POST PM10 201
POST PM2.5 201
Ciclo: 675
POST Temperature 201
POST Humidity 201
POST PM10 201
POST PM2.5 201
Ciclo: 676
POST Temperature 201
POST Humidity 201
POST PM10 201
POST PM2.5 201
Ciclo: 677
POST Temperature 201
POST Humidity 201
POST PM10 201
POST PM2.5 201
Ciclo: 678
POST Temperature 201
POST Humidity 201
POST PM10 201
POST PM2.5 201
Ciclo: 679
POST Temperature 201
POST Humidity 201
POST PM10 201
POST PM2.5 201
Ciclo: 680
POST Temperature 201
POST Humidity 201
POST PM10 201
POST PM2.5 201
Ciclo: 681
POST Temperature 201
POST Humidity 201
POST PM10 201
POST PM2.5 201
Ciclo: 682
POST Temperature 201
POST Humidity 201
POST PM10 201
POST PM2.5 201
Ciclo: 683
POST Temperature 201
POST Humidity 201
POST PM10 201
POST PM2.5 201
Ciclo: 684
POST Temperature 201
POST Humidity 201
POST PM10 201
POST PM2.5 201
Ciclo: 685
POST Temperature 201
POST Humidity 201
POST PM10 201
POST PM2.5 201
Ciclo: 686
POST Temperature 201
POST Humidity 201
POST PM10 201
POST PM2.5 201
Ciclo: 687
POST Temperature 201
POST Humidity 201
POST PM10 201
POST PM2.5 201
Ciclo: 688
POST Temperature 201
POST Humidity 201
POST PM10 201
POST PM2.5 201
Ciclo: 689
POST Temperature 201
POST Humidity 201
POST PM10 201
POST PM2.5 201
Ciclo: 690
POST Temperature 201
POST Humidity 201
POST PM10 201
POST PM2.5 201
Ciclo: 691
POST Temperature 201
POST Humidity 201
POST PM10 201
POST PM2.5 201
Ciclo: 692
POST Temperature 201
POST Humidity 201
POST PM10 201
POST PM2.5 201
Ciclo: 693
POST Temperature 201
POST Humidity 201
POST PM10 201
POST PM2.5 201
Ciclo: 694
POST Temperature 201
POST Humidity 201
POST PM10 201
POST PM2.5 201
Ciclo: 695
POST Temperature 201
POST Humidity 201
POST PM10 201
POST PM2.5 201
Ciclo: 696
POST Temperature 201
POST Humidity 201
POST PM10 201
POST PM2.5 201
Ciclo: 697
POST Temperature 201
POST Humidity 201
POST PM10 201
POST PM2.5 201
Ciclo: 698
POST Temperature 201
POST Humidity 201
POST PM10 201
POST PM2.5 201
Ciclo: 699
POST Temperature 201
POST Humidity 201
POST PM10 201
POST PM2.5 201
Ciclo: 700
POST Temperature 201
POST Humidity 201
POST PM10 201
POST PM2.5 201
Ciclo: 701
POST Temperature 201
POST Humidity 201
POST PM10 201
POST PM2.5 201
Ciclo: 702
POST Temperature 201
POST Humidity 201
POST PM10 201
POST PM2.5 201
Ciclo: 703
POST Temperature 201
POST Humidity 201
POST PM10 201
POST PM2.5 201
Ciclo: 704
POST Temperature 201
POST Humidity 201
POST PM10 201
POST PM2.5 201
Ciclo: 705
POST Temperature 201
POST Humidity 201
POST PM10 201
POST PM2.5 201
Ciclo: 706
POST Temperature 201
POST Humidity 201
POST PM10 201
POST PM2.5 201
Ciclo: 707
POST Temperature 201
POST Humidity 201
POST PM10 201
POST PM2.5 201
Ciclo: 708
POST Temperature 201
POST Humidity 201
POST PM10 201
POST PM2.5 201
Ciclo: 709
POST Temperature 201
POST Humidity 201
POST PM10 201
POST PM2.5 201
Ciclo: 710
POST Temperature 201
POST Humidity 201
POST PM10 201
POST PM2.5 201
Ciclo: 711
POST Temperature 201
POST Humidity 201
POST PM10 201
POST PM2.5 201
Ciclo: 712
POST Temperature 201
POST Humidity 201
POST PM10 201
POST PM2.5 201
Ciclo: 713
POST Temperature 201
POST Humidity 201
POST PM10 201
POST PM2.5 201
Ciclo: 714
POST Temperature 201
POST Humidity 201
POST PM10 201
POST PM2.5 201
Ciclo: 715
POST Temperature 201
POST Humidity 201
POST PM10 201
POST PM2.5 201
Ciclo: 716
POST Temperature 201
POST Humidity 201
POST PM10 201
POST PM2.5 201
Ciclo: 717
POST Temperature 201
POST Humidity 201
POST PM10 201
POST PM2.5 201
Ciclo: 718
POST Temperature 201
POST Humidity 201
POST PM10 201
POST PM2.5 201
Ciclo: 719
POST Temperature 201
POST Humidity 201
POST PM10 201
POST PM2.5 201
Ciclo: 720
POST Temperature 201
POST Humidity 201
POST PM10 201
POST PM2.5 201
Ciclo: 721
POST Temperature 201
POST Humidity 201
POST PM10 201
POST PM2.5 201
Ciclo: 722
POST Temperature 201
POST Humidity 201
POST PM10 201
POST PM2.5 201
Ciclo: 723
POST Temperature 201
POST Humidity 201
POST PM10 201
POST PM2.5 201
Ciclo: 724
POST Temperature 201
POST Humidity 201
POST PM10 201
POST PM2.5 201
Ciclo: 725
POST Temperature 201
POST Humidity 201
POST PM10 201
POST PM2.5 201
Ciclo: 726
POST Temperature 201
POST Humidity 201
POST PM10 201
POST PM2.5 201
Ciclo: 727
POST Temperature 201
POST Humidity 201
POST PM10 201
POST PM2.5 201
Ciclo: 728
POST Temperature 201
POST Humidity 201
POST PM10 201
POST PM2.5 201
Ciclo: 729
POST Temperature 201
POST Humidity 201
POST PM10 201
POST PM2.5 201
Ciclo: 730
POST Temperature 201
POST Humidity 201
POST PM10 201
POST PM2.5 201
Ciclo: 731
POST Temperature 201
POST Humidity 201
POST PM10 201
POST PM2.5 201
Ciclo: 732
POST Temperature 201
POST Humidity 201
POST PM10 201
POST PM2.5 201
Ciclo: 733
POST Temperature 201
POST Humidity 201
POST PM10 201
POST PM2.5 201
Ciclo: 734
POST Temperature 201
POST Humidity 201
POST PM10 201
POST PM2.5 201
Ciclo: 735
POST Temperature 201
POST Humidity 201
POST PM10 201
POST PM2.5 201
Ciclo: 736
POST Temperature 201
POST Humidity 201
POST PM10 201
POST PM2.5 201
Ciclo: 737
POST Temperature 201
POST Humidity 201
POST PM10 201
POST PM2.5 201
Ciclo: 738
POST Temperature 201
POST Humidity 201
POST PM10 201
POST PM2.5 201
Ciclo: 739
POST Temperature 201
POST Humidity 201
POST PM10 201
POST PM2.5 201
Ciclo: 740
POST Temperature 201
POST Humidity 201
POST PM10 201
POST PM2.5 201
Ciclo: 741
POST Temperature 201
POST Humidity 201
POST PM10 201
POST PM2.5 201
Ciclo: 742
POST Temperature 201
POST Humidity 201
POST PM10 201
POST PM2.5 201
Ciclo: 743
POST Temperature 201
POST Humidity 201
POST PM10 201
POST PM2.5 201
Ciclo: 744
POST Temperature 201
POST Humidity 201
POST PM10 201
POST PM2.5 201
Ciclo: 745
POST Temperature 201
POST Humidity 201
POST PM10 201
POST PM2.5 201
Ciclo: 746
POST Temperature 201
POST Humidity 201
POST PM10 201
POST PM2.5 201
Ciclo: 747
POST Temperature 201
POST Humidity 201
POST PM10 201
POST PM2.5 201
Ciclo: 748
POST Temperature 201
POST Humidity 201
POST PM10 201
POST PM2.5 201
Ciclo: 749
POST Temperature 201
POST Humidity 201
POST PM10 201
POST PM2.5 201
Ciclo: 750
POST Temperature 201
POST Humidity 201
POST PM10 201
POST PM2.5 201
Ciclo: 751
POST Temperature 201
POST Humidity 201
POST PM10 201
POST PM2.5 201
Ciclo: 752
POST Temperature 201
POST Humidity 201
POST PM10 201
POST PM2.5 201
Ciclo: 753
POST Temperature 201
POST Humidity 201
POST PM10 201
POST PM2.5 201
Ciclo: 754
POST Temperature 201
POST Humidity 201
POST PM10 201
POST PM2.5 201
Ciclo: 755
POST Temperature 201
POST Humidity 201
POST PM10 201
POST PM2.5 201
Ciclo: 756
POST Temperature 201
POST Humidity 201
POST PM10 201
POST PM2.5 201
Ciclo: 757
POST Temperature 201
POST Humidity 201
POST PM10 201
POST PM2.5 201
Ciclo: 758
POST Temperature 201
POST Humidity 201
POST PM10 201
POST PM2.5 201
Ciclo: 759
POST Temperature 201
POST Humidity 201
POST PM10 201
POST PM2.5 201
Ciclo: 760
POST Temperature 201
POST Humidity 201
POST PM10 201
POST PM2.5 201
Ciclo: 761
POST Temperature 201
POST Humidity 201
POST PM10 201
POST PM2.5 201
Ciclo: 762
POST Temperature 201
POST Humidity 201
POST PM10 201
POST PM2.5 201
Ciclo: 763
POST Temperature 201
POST Humidity 201
POST PM10 201
POST PM2.5 201
Ciclo: 764
POST Temperature 201
POST Humidity 201
POST PM10 201
POST PM2.5 201
Ciclo: 765
POST Temperature 201
POST Humidity 201
POST PM10 201
POST PM2.5 201
Ciclo: 766
POST Temperature 201
POST Humidity 201
POST PM10 201
POST PM2.5 201
Ciclo: 767
POST Temperature 201
POST Humidity 201
POST PM10 201
POST PM2.5 201
Ciclo: 768
POST Temperature 201
POST Humidity 201
POST PM10 201
POST PM2.5 201
Ciclo: 769
POST Temperature 201
POST Humidity 201
POST PM10 201
POST PM2.5 201
Ciclo: 770
POST Temperature 201
POST Humidity 201
POST PM10 201
POST PM2.5 201
Ciclo: 771
POST Temperature 201
POST Humidity 201
POST PM10 201
POST PM2.5 201
Ciclo: 772
POST Temperature 201
POST Humidity 201
POST PM10 201
POST PM2.5 201
Ciclo: 773
POST Temperature 201
POST Humidity 201
POST PM10 201
POST PM2.5 201
Ciclo: 774
POST Temperature 201
POST Humidity 201
POST PM10 201
POST PM2.5 201
Ciclo: 775
POST Temperature 201
POST Humidity 201
POST PM10 201
POST PM2.5 201
Ciclo: 776
POST Temperature 201
POST Humidity 201
POST PM10 201
POST PM2.5 201
Ciclo: 777
POST Temperature 201
POST Humidity 201
POST PM10 201
POST PM2.5 201
Ciclo: 778
POST Temperature 201
POST Humidity 201
POST PM10 201
POST PM2.5 201
Ciclo: 779
POST Temperature 201
POST Humidity 201
POST PM10 201
POST PM2.5 201
Ciclo: 780
POST Temperature 201
POST Humidity 201
POST PM10 201
POST PM2.5 201
Ciclo: 781
POST Temperature 201
POST Humidity 201
POST PM10 201
POST PM2.5 201
Ciclo: 782
POST Temperature 201
POST Humidity 201
POST PM10 201
POST PM2.5 201
Ciclo: 783
POST Temperature 201
POST Humidity 201
POST PM10 201
POST PM2.5 201
Ciclo: 784
POST Temperature 201
POST Humidity 201
POST PM10 201
POST PM2.5 201
Ciclo: 785
POST Temperature 201
POST Humidity 201
POST PM10 201
POST PM2.5 201
Ciclo: 786
POST Temperature 201
POST Humidity 201
POST PM10 201
POST PM2.5 201
Ciclo: 787
POST Temperature 201
POST Humidity 201
POST PM10 201
POST PM2.5 201
Ciclo: 788
POST Temperature 201
POST Humidity 201
POST PM10 201
POST PM2.5 201
Ciclo: 789
POST Temperature 201
POST Humidity 201
POST PM10 201
POST PM2.5 201
Ciclo: 790
POST Temperature 201
POST Humidity 201
POST PM10 201
POST PM2.5 201
Ciclo: 791
POST Temperature 201
POST Humidity 201
POST PM10 201
POST PM2.5 201
Ciclo: 792
POST Temperature 201
POST Humidity 201
POST PM10 201
POST PM2.5 201
Ciclo: 793
POST Temperature 201
POST Humidity 201
POST PM10 201
POST PM2.5 201
Ciclo: 794
POST Temperature 201
POST Humidity 201
POST PM10 201
POST PM2.5 201
Ciclo: 795
POST Temperature 201
POST Humidity 201
POST PM10 201
POST PM2.5 201
Ciclo: 796
POST Temperature 201
POST Humidity 201
POST PM10 201
POST PM2.5 201
Ciclo: 797
POST Temperature 201
POST Humidity 201
POST PM10 201
POST PM2.5 201
Ciclo: 798
POST Temperature 201
POST Humidity 201
POST PM10 201
POST PM2.5 201
Ciclo: 799
POST Temperature 201
POST Humidity 201
POST PM10 201
POST PM2.5 201
Ciclo: 800
POST Temperature 201
POST Humidity 201
POST PM10 201
POST PM2.5 201
Ciclo: 801
POST Temperature 201
POST Humidity 201
POST PM10 201
POST PM2.5 201
Ciclo: 802
POST Temperature 201
POST Humidity 201
POST PM10 201
POST PM2.5 201
Ciclo: 803
POST Temperature 201
POST Humidity 201
POST PM10 201
POST PM2.5 201
Ciclo: 804
POST Temperature 201
POST Humidity 201
POST PM10 201
POST PM2.5 201
Ciclo: 805
POST Temperature 201
POST Humidity 201
POST PM10 201
POST PM2.5 201
Ciclo: 806
POST Temperature 201
POST Humidity 201
POST PM10 201
POST PM2.5 201
Ciclo: 807
POST Temperature 201
POST Humidity 201
POST PM10 201
POST PM2.5 201
Ciclo: 808
POST Temperature 201
POST Humidity 201
POST PM10 201
POST PM2.5 201
Ciclo: 809
POST Temperature 201
POST Humidity 201
POST PM10 201
POST PM2.5 201
Ciclo: 810
POST Temperature 201
POST Humidity 201
POST PM10 201
POST PM2.5 201
Ciclo: 811
POST Temperature 201
POST Humidity 201
POST PM10 201
POST PM2.5 201
Ciclo: 812
POST Temperature 201
POST Humidity 201
POST PM10 201
POST PM2.5 201
Ciclo: 813
POST Temperature 201
POST Humidity 201
POST PM10 201
POST PM2.5 201
Ciclo: 814
POST Temperature 201
POST Humidity 201
POST PM10 201
POST PM2.5 201
Ciclo: 815
POST Temperature 201
POST Humidity 201
POST PM10 201
POST PM2.5 201
Ciclo: 816
POST Temperature 201
POST Humidity 201
POST PM10 201
POST PM2.5 201
Ciclo: 817
POST Temperature 201
POST Humidity 201
POST PM10 201
POST PM2.5 201
Ciclo: 818
POST Temperature 201
POST Humidity 201
POST PM10 201
POST PM2.5 201
Ciclo: 819
POST Temperature 201
POST Humidity 201
POST PM10 201
POST PM2.5 201
Ciclo: 820
POST Temperature 201
POST Humidity 201
POST PM10 201
POST PM2.5 201
Ciclo: 821
POST Temperature 201
POST Humidity 201
POST PM10 201
POST PM2.5 201
Ciclo: 822
POST Temperature 201
POST Humidity 201
POST PM10 201
POST PM2.5 201
Ciclo: 823
POST Temperature 201
POST Humidity 201
POST PM10 201
POST PM2.5 201
Ciclo: 824
POST Temperature 201
POST Humidity 201
POST PM10 201
POST PM2.5 201
Ciclo: 825
POST Temperature 201
POST Humidity 201
POST PM10 201
POST PM2.5 201
Ciclo: 826
POST Temperature 201
POST Humidity 201
POST PM10 201
POST PM2.5 201
Ciclo: 827
POST Temperature 201
POST Humidity 201
POST PM10 201
POST PM2.5 201
Ciclo: 828
POST Temperature 201
POST Humidity 201
POST PM10 201
POST PM2.5 201
Ciclo: 829
POST Temperature 201
POST Humidity 201
POST PM10 201
POST PM2.5 201
Ciclo: 830
POST Temperature 201
POST Humidity 201
POST PM10 201
POST PM2.5 201
Ciclo: 831
POST Temperature 201
POST Humidity 201
POST PM10 201
POST PM2.5 201
Ciclo: 832
POST Temperature 201
POST Humidity 201
POST PM10 201
POST PM2.5 201
Ciclo: 833
POST Temperature 201
POST Humidity 201
POST PM10 201
POST PM2.5 201
Ciclo: 834
POST Temperature 201
POST Humidity 201
POST PM10 201
POST PM2.5 201
Ciclo: 835
POST Temperature 201
POST Humidity 201
POST PM10 201
POST PM2.5 201
Ciclo: 836
POST Temperature 201
POST Humidity 201
POST PM10 201
POST PM2.5 201
Ciclo: 837
POST Temperature 201
POST Humidity 201
POST PM10 201
POST PM2.5 201
Ciclo: 838
POST Temperature 201
POST Humidity 201
POST PM10 201
POST PM2.5 201
Ciclo: 839
POST Temperature 201
POST Humidity 201
POST PM10 201
POST PM2.5 201
Ciclo: 840
POST Temperature 201
POST Humidity 201
POST PM10 201
POST PM2.5 201
Ciclo: 841
POST Temperature 201
POST Humidity 201
POST PM10 201
POST PM2.5 201
Ciclo: 842
POST Temperature 201
POST Humidity 201
POST PM10 201
POST PM2.5 201
Ciclo: 843
POST Temperature 201
POST Humidity 201
POST PM10 201
POST PM2.5 201
Ciclo: 844
POST Temperature 201
POST Humidity 201
POST PM10 201
POST PM2.5 201
Ciclo: 845
POST Temperature 201
POST Humidity 201
POST PM10 201
POST PM2.5 201
Ciclo: 846
POST Temperature 201
POST Humidity 201
POST PM10 201
POST PM2.5 201
Ciclo: 847
POST Temperature 201
POST Humidity 201
POST PM10 201
POST PM2.5 201
Ciclo: 848
POST Temperature 201
POST Humidity 201
POST PM10 201
POST PM2.5 201
Ciclo: 849
POST Temperature 201
POST Humidity 201
POST PM10 201
POST PM2.5 201
Ciclo: 850
POST Temperature 201
POST Humidity 201
POST PM10 201
POST PM2.5 201
Ciclo: 851
POST Temperature 201
POST Humidity 201
POST PM10 201
POST PM2.5 201
Ciclo: 852
POST Temperature 201
POST Humidity 201
POST PM10 201
POST PM2.5 201
Ciclo: 853
POST Temperature 201
POST Humidity 201
POST PM10 201
POST PM2.5 201
Ciclo: 854
POST Temperature 201
POST Humidity 201
POST PM10 201
POST PM2.5 201
Ciclo: 855
POST Temperature 201
POST Humidity 201
POST PM10 201
POST PM2.5 201
Ciclo: 856
POST Temperature 201
POST Humidity 201
POST PM10 201
POST PM2.5 201
Ciclo: 857
POST Temperature 201
POST Humidity 201
POST PM10 201
POST PM2.5 201
Ciclo: 858
POST Temperature 201
POST Humidity 201
POST PM10 201
POST PM2.5 201
Ciclo: 859
POST Temperature 201
POST Humidity 201
POST PM10 201
POST PM2.5 201
Ciclo: 860
POST Temperature 201
POST Humidity 201
POST PM10 201
POST PM2.5 201
Ciclo: 861
POST Temperature 201
POST Humidity 201
POST PM10 201
POST PM2.5 201
Ciclo: 862
POST Temperature 201
POST Humidity 201
POST PM10 201
POST PM2.5 201
Ciclo: 863
POST Temperature 201
POST Humidity 201
POST PM10 201
POST PM2.5 201
Ciclo: 864
POST Temperature 201
POST Humidity 201
POST PM10 201
POST PM2.5 201
Ciclo: 865
POST Temperature 201
POST Humidity 201
POST PM10 201
POST PM2.5 201
Ciclo: 866
POST Temperature 201
POST Humidity 201
POST PM10 201
POST PM2.5 201
Ciclo: 867
POST Temperature 201
POST Humidity 201
POST PM10 201
POST PM2.5 201
Ciclo: 868
POST Temperature 201
POST Humidity 201
POST PM10 201
POST PM2.5 201
Ciclo: 869
POST Temperature 201
POST Humidity 201
POST PM10 201
POST PM2.5 201
Ciclo: 870
POST Temperature 201
POST Humidity 201
POST PM10 201
POST PM2.5 201
Ciclo: 871
POST Temperature 201
POST Humidity 201
POST PM10 201
POST PM2.5 201
Ciclo: 872
POST Temperature 201
POST Humidity 201
POST PM10 201
POST PM2.5 201
Ciclo: 873
POST Temperature 201
POST Humidity 201
POST PM10 201
POST PM2.5 201
Ciclo: 874
POST Temperature 201
POST Humidity 201
POST PM10 201
POST PM2.5 201
Ciclo: 875
POST Temperature 201
POST Humidity 201
POST PM10 201
POST PM2.5 201
Ciclo: 876
POST Temperature 201
POST Humidity 201
POST PM10 201
POST PM2.5 201
Ciclo: 877
POST Temperature 201
POST Humidity 201
POST PM10 201
POST PM2.5 201
Ciclo: 878
POST Temperature 201
POST Humidity 201
POST PM10 201
POST PM2.5 201
Ciclo: 879
POST Temperature 201
POST Humidity 201
POST PM10 201
POST PM2.5 201
Ciclo: 880
POST Temperature 201
POST Humidity 201
POST PM10 201
POST PM2.5 201
Ciclo: 881
POST Temperature 201
POST Humidity 201
POST PM10 201
POST PM2.5 201
Ciclo: 882
POST Temperature 201
POST Humidity 201
POST PM10 201
POST PM2.5 201
Ciclo: 883
POST Temperature 201
POST Humidity 201
POST PM10 201
POST PM2.5 201
Ciclo: 884
POST Temperature 201
POST Humidity 201
POST PM10 201
POST PM2.5 201
Ciclo: 885
POST Temperature 201
POST Humidity 201
POST PM10 201
POST PM2.5 201
Ciclo: 886
POST Temperature 201
POST Humidity 201
POST PM10 201
POST PM2.5 201
Ciclo: 887
POST Temperature 201
POST Humidity 201
POST PM10 201
POST PM2.5 201
Ciclo: 888
POST Temperature 201
POST Humidity 201
POST PM10 201
POST PM2.5 201
Ciclo: 889
POST Temperature 201
POST Humidity 201
POST PM10 201
POST PM2.5 201
Ciclo: 890
POST Temperature 201
POST Humidity 201
POST PM10 201
POST PM2.5 201
Ciclo: 891
POST Temperature 201
POST Humidity 201
POST PM10 201
POST PM2.5 201
Ciclo: 892
POST Temperature 201
POST Humidity 201
POST PM10 201
POST PM2.5 201
Ciclo: 893
POST Temperature 201
POST Humidity 201
POST PM10 201
POST PM2.5 201
Ciclo: 894
POST Temperature 201
POST Humidity 201
POST PM10 201
POST PM2.5 201
Ciclo: 895
POST Temperature 201
POST Humidity 201
POST PM10 201
POST PM2.5 201
Ciclo: 896
POST Temperature 201
POST Humidity 201
POST PM10 201
POST PM2.5 201
Ciclo: 897
POST Temperature 201
POST Humidity 201
POST PM10 201
POST PM2.5 201
Ciclo: 898
POST Temperature 201
POST Humidity 201
POST PM10 201
POST PM2.5 201
Ciclo: 899
POST Temperature 201
POST Humidity 201
POST PM10 201
POST PM2.5 201
Ciclo: 900
POST Temperature 201
POST Humidity 201
POST PM10 201
POST PM2.5 201
Ciclo: 901
POST Temperature 201
POST Humidity 201
POST PM10 201
POST PM2.5 201
Ciclo: 902
POST Temperature 201
POST Humidity 201
POST PM10 201
POST PM2.5 201
Ciclo: 903
POST Temperature 201
POST Humidity 201
POST PM10 201
POST PM2.5 201
Ciclo: 904
POST Temperature 201
POST Humidity 201
POST PM10 201
POST PM2.5 201
Ciclo: 905
POST Temperature 201
POST Humidity 201
POST PM10 201
POST PM2.5 201
Ciclo: 906
POST Temperature 201
POST Humidity 201
POST PM10 201
POST PM2.5 201
Ciclo: 907
POST Temperature 201
POST Humidity 201
POST PM10 201
POST PM2.5 201
Ciclo: 908
POST Temperature 201
POST Humidity 201
POST PM10 201
POST PM2.5 201
Ciclo: 909
POST Temperature 201
POST Humidity 201
POST PM10 201
POST PM2.5 201
Ciclo: 910
POST Temperature 201
POST Humidity 201
POST PM10 201
POST PM2.5 201
Ciclo: 911
POST Temperature 201
POST Humidity 201
POST PM10 201
POST PM2.5 201
Ciclo: 912
POST Temperature 201
POST Humidity 201
POST PM10 201
POST PM2.5 201
Ciclo: 913
POST Temperature 201
POST Humidity 201
POST PM10 201
POST PM2.5 201
Ciclo: 914
POST Temperature 201
POST Humidity 201
POST PM10 201
POST PM2.5 201
Ciclo: 915
POST Temperature 201
POST Humidity 201
POST PM10 201
POST PM2.5 201
Ciclo: 916
POST Temperature 201
POST Humidity 201
POST PM10 201
POST PM2.5 201
Ciclo: 917
POST Temperature 201
POST Humidity 201
POST PM10 201
POST PM2.5 201
Ciclo: 918
POST Temperature 201
POST Humidity 201
POST PM10 201
POST PM2.5 201
Ciclo: 919
POST Temperature 201
POST Humidity 201
POST PM10 201
POST PM2.5 201
Ciclo: 920
POST Temperature 201
POST Humidity 201
POST PM10 201
POST PM2.5 201
Ciclo: 921
POST Temperature 201
POST Humidity 201
POST PM10 201
POST PM2.5 201
Ciclo: 922
POST Temperature 201
POST Humidity 201
POST PM10 201
POST PM2.5 201
Ciclo: 923
POST Temperature 201
POST Humidity 201
POST PM10 201
POST PM2.5 201
Ciclo: 924
POST Temperature 201
POST Humidity 201
POST PM10 201
POST PM2.5 201
Ciclo: 925
POST Temperature 201
POST Humidity 201
POST PM10 201
POST PM2.5 201
Ciclo: 926
POST Temperature 201
POST Humidity 201
POST PM10 201
POST PM2.5 201
Ciclo: 927
POST Temperature 201
POST Humidity 201
POST PM10 201
POST PM2.5 201
Ciclo: 928
POST Temperature 201
POST Humidity 201
POST PM10 201
POST PM2.5 201
Ciclo: 929
POST Temperature 201
POST Humidity 201
POST PM10 201
POST PM2.5 201
Ciclo: 930
POST Temperature 201
POST Humidity 201
POST PM10 201
POST PM2.5 201
Ciclo: 931
POST Temperature 201
POST Humidity 201
POST PM10 201
POST PM2.5 201
Ciclo: 932
POST Temperature 201
POST Humidity 201
POST PM10 201
POST PM2.5 201
Ciclo: 933
POST Temperature 201
POST Humidity 201
POST PM10 201
POST PM2.5 201
Ciclo: 934
POST Temperature 201
POST Humidity 201
POST PM10 201
POST PM2.5 201
Ciclo: 935
POST Temperature 201
POST Humidity 201
POST PM10 201
POST PM2.5 201
Ciclo: 936
POST Temperature 201
POST Humidity 201
POST PM10 201
POST PM2.5 201
Ciclo: 937
POST Temperature 201
POST Humidity 201
POST PM10 201
POST PM2.5 201
Ciclo: 938
POST Temperature 201
POST Humidity 201
POST PM10 201
POST PM2.5 201
Ciclo: 939
POST Temperature 201
POST Humidity 201
POST PM10 201
POST PM2.5 201
Ciclo: 940
POST Temperature 201
POST Humidity 201
POST PM10 201
POST PM2.5 201
Ciclo: 941
POST Temperature 201
POST Humidity 201
POST PM10 201
POST PM2.5 201
Ciclo: 942
POST Temperature 201
POST Humidity 201
POST PM10 201
POST PM2.5 201
Ciclo: 943
POST Temperature 201
POST Humidity 201
POST PM10 201
POST PM2.5 201
Ciclo: 944
POST Temperature 201
POST Humidity 201
POST PM10 201
POST PM2.5 201
Ciclo: 945
POST Temperature 201
POST Humidity 201
POST PM10 201
POST PM2.5 201
Ciclo: 946
POST Temperature 201
POST Humidity 201
POST PM10 201
POST PM2.5 201
Ciclo: 947
POST Temperature 201
POST Humidity 201
POST PM10 201
POST PM2.5 201
Ciclo: 948
POST Temperature 201
POST Humidity 201
POST PM10 201
POST PM2.5 201
Ciclo: 949
POST Temperature 201
POST Humidity 201
POST PM10 201
POST PM2.5 201
Ciclo: 950
POST Temperature 201
POST Humidity 201
POST PM10 201
POST PM2.5 201
Ciclo: 951
POST Temperature 201
POST Humidity 201
POST PM10 201
POST PM2.5 201
Ciclo: 952
POST Temperature 201
POST Humidity 201
POST PM10 201
POST PM2.5 201
Ciclo: 953
POST Temperature 201
POST Humidity 201
POST PM10 201
POST PM2.5 201
Ciclo: 954
POST Temperature 201
POST Humidity 201
POST PM10 201
POST PM2.5 201
Ciclo: 955
POST Temperature 201
POST Humidity 201
POST PM10 201
POST PM2.5 201
Ciclo: 956
POST Temperature 201
POST Humidity 201
POST PM10 201
POST PM2.5 201
Ciclo: 957
POST Temperature 201
POST Humidity 201
POST PM10 201
POST PM2.5 201
Ciclo: 958
POST Temperature 201
POST Humidity 201
POST PM10 201
POST PM2.5 201
Ciclo: 959
POST Temperature 201
POST Humidity 201
POST PM10 201
POST PM2.5 201
Ciclo: 960
POST Temperature 201
POST Humidity 201
POST PM10 201
POST PM2.5 201
Ciclo: 961
POST Temperature 201
POST Humidity 201
POST PM10 201
POST PM2.5 201
Ciclo: 962
POST Temperature 201
POST Humidity 201
POST PM10 201
POST PM2.5 201
Ciclo: 963
POST Temperature 201
POST Humidity 201
POST PM10 201
POST PM2.5 201
Ciclo: 964
POST Temperature 201
POST Humidity 201
POST PM10 201
POST PM2.5 201
Ciclo: 965
POST Temperature 201
POST Humidity 201
POST PM10 201
POST PM2.5 201
Ciclo: 966
POST Temperature 201
POST Humidity 201
POST PM10 201
POST PM2.5 201
Ciclo: 967
POST Temperature 201
POST Humidity 201
POST PM10 201
POST PM2.5 201
Ciclo: 968
POST Temperature 201
POST Humidity 201
POST PM10 201
POST PM2.5 201
Ciclo: 969
POST Temperature 201
POST Humidity 201
POST PM10 201
POST PM2.5 201
Ciclo: 970
POST Temperature 201
POST Humidity 201
POST PM10 201
POST PM2.5 201
Ciclo: 971
POST Temperature 201
POST Humidity 201
POST PM10 201
POST PM2.5 201
Ciclo: 972
POST Temperature 201
POST Humidity 201
POST PM10 201
POST PM2.5 201
Ciclo: 973
POST Temperature 201
POST Humidity 201
POST PM10 201
POST PM2.5 201
Ciclo: 974
POST Temperature 201
POST Humidity 201
POST PM10 201
POST PM2.5 201
Ciclo: 975
POST Temperature 201
POST Humidity 201
POST PM10 201
POST PM2.5 201
Ciclo: 976
POST Temperature 201
POST Humidity 201
POST PM10 201
POST PM2.5 201
Ciclo: 977
POST Temperature 201
POST Humidity 201
POST PM10 201
POST PM2.5 201
Ciclo: 978
POST Temperature 201
POST Humidity 201
POST PM10 201
POST PM2.5 201
Ciclo: 979
POST Temperature 201
POST Humidity 201
POST PM10 201
POST PM2.5 201
Ciclo: 980
POST Temperature 201
POST Humidity 201
POST PM10 201
POST PM2.5 201
Ciclo: 981
POST Temperature 201
POST Humidity 201
POST PM10 201
POST PM2.5 201
Ciclo: 982
POST Temperature 201
POST Humidity 201
POST PM10 201
POST PM2.5 201
Ciclo: 983
POST Temperature 201
POST Humidity 201
POST PM10 201
POST PM2.5 201
Ciclo: 984
POST Temperature 201
POST Humidity 201
POST PM10 201
POST PM2.5 201
Ciclo: 985
POST Temperature 201
POST Humidity 201
POST PM10 201
POST PM2.5 201
Ciclo: 986
POST Temperature 201
POST Humidity 201
POST PM10 201
POST PM2.5 201
Ciclo: 987
POST Temperature 201
POST Humidity 201
POST PM10 201
POST PM2.5 201
Ciclo: 988
POST Temperature 201
POST Humidity 201
POST PM10 201
POST PM2.5 201
Ciclo: 989
POST Temperature 201
POST Humidity 201
POST PM10 201
POST PM2.5 201
Ciclo: 990
POST Temperature 201
POST Humidity 201
POST PM10 201
POST PM2.5 201
Ciclo: 991
POST Temperature 201
POST Humidity 201
POST PM10 201
POST PM2.5 201
Ciclo: 992
POST Temperature 201
POST Humidity 201
POST PM10 201
POST PM2.5 201
Ciclo: 993
POST Temperature 201
POST Humidity 201
POST PM10 201
POST PM2.5 201
Ciclo: 994
POST Temperature 201
POST Humidity 201
POST PM10 201
POST PM2.5 201
Ciclo: 995
POST Temperature 201
POST Humidity 201
POST PM10 201
POST PM2.5 201
Ciclo: 996
POST Temperature 201
POST Humidity 201
POST PM10 201
POST PM2.5 201
Ciclo: 997
POST Temperature 201
POST Humidity 201
POST PM10 201
POST PM2.5 201
Ciclo: 998
POST Temperature 201
POST Humidity 201
POST PM10 201
POST PM2.5 201
Ciclo: 999
POST Temperature 201
POST Humidity 201
POST PM10 201
POST PM2.5 201
Ciclo: 1000
POST Temperature 201
POST Humidity 201
POST PM10 201
POST PM2.5 201
Ciclo: 1001
POST Temperature 201
POST Humidity 201
POST PM10 201
POST PM2.5 201
Ciclo: 1002
POST Temperature 201
POST Humidity 201
POST PM10 201
POST PM2.5 201
Ciclo: 1003
POST Temperature 201
POST Humidity 201
POST PM10 201
POST PM2.5 201
Ciclo: 1004
POST Temperature 201
POST Humidity 201
POST PM10 201
POST PM2.5 201
Ciclo: 1005
POST Temperature 201
POST Humidity 201
POST PM10 201
POST PM2.5 201
Ciclo: 1006
POST Temperature 201
POST Humidity 201
POST PM10 201
POST PM2.5 201
Ciclo: 1007
POST Temperature 201
POST Humidity 201
POST PM10 201
POST PM2.5 201
Ciclo: 1008
POST Temperature 201
POST Humidity 201
POST PM10 201
POST PM2.5 201
Ciclo: 1009
POST Temperature 201
POST Humidity 201
POST PM10 201
POST PM2.5 201
Ciclo: 1010
POST Temperature 201
POST Humidity 201
POST PM10 201
POST PM2.5 201
Ciclo: 1011
POST Temperature 201
POST Humidity 201
POST PM10 201
POST PM2.5 201
Ciclo: 1012
POST Temperature 201
POST Humidity 201
POST PM10 201
POST PM2.5 201
Ciclo: 1013
POST Temperature 201
POST Humidity 201
POST PM10 201
POST PM2.5 201
Ciclo: 1014
POST Temperature 201
POST Humidity 201
POST PM10 201
POST PM2.5 201
Ciclo: 1015
POST Temperature 201
POST Humidity 201
POST PM10 201
POST PM2.5 201
Ciclo: 1016
POST Temperature 201
POST Humidity 201
POST PM10 201
POST PM2.5 201
Ciclo: 1017
POST Temperature 201
POST Humidity 201
POST PM10 201
POST PM2.5 201
Ciclo: 1018
POST Temperature 201
POST Humidity 201
POST PM10 201
POST PM2.5 201
Ciclo: 1019
POST Temperature 201
POST Humidity 201
POST PM10 201
POST PM2.5 201
Ciclo: 1020
POST Temperature 201
POST Humidity 201
POST PM10 201
POST PM2.5 201
Ciclo: 1021
POST Temperature 201
POST Humidity 201
POST PM10 201
POST PM2.5 201
Ciclo: 1022
POST Temperature 201
POST Humidity 201
POST PM10 201
POST PM2.5 201
Ciclo: 1023
POST Temperature 201
POST Humidity 201
POST PM10 201
POST PM2.5 201
Ciclo: 1024
POST Temperature 201
POST Humidity 201
POST PM10 201
POST PM2.5 201
Ciclo: 1025
POST Temperature 201
POST Humidity 201
POST PM10 201
POST PM2.5 201
Ciclo: 1026
POST Temperature 201
POST Humidity 201
POST PM10 201
POST PM2.5 201
Ciclo: 1027
POST Temperature 201
POST Humidity 201
POST PM10 201
POST PM2.5 201
Ciclo: 1028
POST Temperature 201
POST Humidity 201
POST PM10 201
POST PM2.5 201
Ciclo: 1029
POST Temperature 201
POST Humidity 201
POST PM10 201
POST PM2.5 201
Ciclo: 1030
POST Temperature 201
POST Humidity 201
POST PM10 201
POST PM2.5 201
Ciclo: 1031
POST Temperature 201
POST Humidity 201
POST PM10 201
POST PM2.5 201
Ciclo: 1032
POST Temperature 201
POST Humidity 201
POST PM10 201
POST PM2.5 201
Ciclo: 1033
POST Temperature 201
POST Humidity 201
POST PM10 201
POST PM2.5 201
Ciclo: 1034
POST Temperature 201
POST Humidity 201
POST PM10 201
POST PM2.5 201
Ciclo: 1035
POST Temperature 201
POST Humidity 201
POST PM10 201
POST PM2.5 201
Ciclo: 1036
POST Temperature 201
POST Humidity 201
POST PM10 201
POST PM2.5 201
Ciclo: 1037
POST Temperature 201
POST Humidity 201
POST PM10 201
POST PM2.5 201
Ciclo: 1038
POST Temperature 201
POST Humidity 201
POST PM10 201
POST PM2.5 201
Ciclo: 1039
POST Temperature 201
POST Humidity 201
POST PM10 201
POST PM2.5 201
Ciclo: 1040
POST Temperature 201
POST Humidity 201
POST PM10 201
POST PM2.5 201
Ciclo: 1041
POST Temperature 201
POST Humidity 201
POST PM10 201
POST PM2.5 201
Ciclo: 1042
POST Temperature 201
POST Humidity 201
POST PM10 201
POST PM2.5 201
Ciclo: 1043
POST Temperature 201
POST Humidity 201
POST PM10 201
POST PM2.5 201
Ciclo: 1044
POST Temperature 201
POST Humidity 201
POST PM10 201
POST PM2.5 201
Ciclo: 1045
POST Temperature 201
POST Humidity 201
POST PM10 201
POST PM2.5 201
Ciclo: 1046
POST Temperature 201
POST Humidity 201
POST PM10 201
POST PM2.5 201
Ciclo: 1047
POST Temperature 201
POST Humidity 201
POST PM10 201
POST PM2.5 201
Ciclo: 1048
POST Temperature 201
POST Humidity 201
POST PM10 201
POST PM2.5 201
Ciclo: 1049
POST Temperature 201
POST Humidity 201
POST PM10 201
POST PM2.5 201
Ciclo: 1050
POST Temperature 201
POST Humidity 201
POST PM10 201
POST PM2.5 201
Ciclo: 1051
POST Temperature 201
POST Humidity 201
POST PM10 201
POST PM2.5 201
Ciclo: 1052
POST Temperature 201
POST Humidity 201
POST PM10 201
POST PM2.5 201
Ciclo: 1053
POST Temperature 201
POST Humidity 201
POST PM10 201
POST PM2.5 201
Ciclo: 1054
POST Temperature 201
POST Humidity 201
POST PM10 201
POST PM2.5 201
Ciclo: 1055
POST Temperature 201
POST Humidity 201
POST PM10 201
POST PM2.5 201
Ciclo: 1056
POST Temperature 201
POST Humidity 201
POST PM10 201
POST PM2.5 201
Ciclo: 1057
POST Temperature 201
POST Humidity 201
POST PM10 201
POST PM2.5 201
Ciclo: 1058
POST Temperature 201
POST Humidity 201
POST PM10 201
POST PM2.5 201
Ciclo: 1059
POST Temperature 201
POST Humidity 201
POST PM10 201
POST PM2.5 201
Ciclo: 1060
POST Temperature 201
POST Humidity 201
POST PM10 201
POST PM2.5 201
Ciclo: 1061
POST Temperature 201
POST Humidity 201
POST PM10 201
POST PM2.5 201
Ciclo: 1062
POST Temperature 201
POST Humidity 201
POST PM10 201
POST PM2.5 201
Ciclo: 1063
POST Temperature 201
POST Humidity 201
POST PM10 201
POST PM2.5 201
Ciclo: 1064
POST Temperature 201
POST Humidity 201
POST PM10 201
POST PM2.5 201
Ciclo: 1065
POST Temperature 201
POST Humidity 201
POST PM10 201
POST PM2.5 201
Ciclo: 1066
POST Temperature 201
POST Humidity 201
POST PM10 201
POST PM2.5 201
Ciclo: 1067
POST Temperature 201
POST Humidity 201
POST PM10 201
POST PM2.5 201
Ciclo: 1068
POST Temperature 201
POST Humidity 201
POST PM10 201
POST PM2.5 201
Ciclo: 1069
POST Temperature 201
POST Humidity 201
POST PM10 201
POST PM2.5 201
Ciclo: 1070
POST Temperature 201
POST Humidity 201
POST PM10 201
POST PM2.5 201
Ciclo: 1071
POST Temperature 201
POST Humidity 201
POST PM10 201
POST PM2.5 201
Ciclo: 1072
POST Temperature 201
POST Humidity 201
POST PM10 201
POST PM2.5 201
Ciclo: 1073
POST Temperature 201
POST Humidity 201
POST PM10 201
POST PM2.5 201
Ciclo: 1074
POST Temperature 201
POST Humidity 201
POST PM10 201
POST PM2.5 201
Ciclo: 1075
POST Temperature 201
POST Humidity 201
POST PM10 201
POST PM2.5 201
Ciclo: 1076
POST Temperature 201
POST Humidity 201
POST PM10 201
POST PM2.5 201
Ciclo: 1077
POST Temperature 201
POST Humidity 201
POST PM10 201
POST PM2.5 201
Ciclo: 1078
POST Temperature 201
POST Humidity 201
POST PM10 201
POST PM2.5 201
Ciclo: 1079
POST Temperature 201
POST Humidity 201
POST PM10 201
POST PM2.5 201
Ciclo: 1080
POST Temperature 201
POST Humidity 201
POST PM10 201
POST PM2.5 201
Ciclo: 1081
POST Temperature 201
POST Humidity 201
POST PM10 201
POST PM2.5 201
Ciclo: 1082
POST Temperature 201
POST Humidity 201
POST PM10 201
POST PM2.5 201
Ciclo: 1083
POST Temperature 201
POST Humidity 201
POST PM10 201
POST PM2.5 201
Ciclo: 1084
POST Temperature 201
POST Humidity 201
POST PM10 201
POST PM2.5 201
Ciclo: 1085
POST Temperature 201
POST Humidity 201
POST PM10 201
POST PM2.5 201
Ciclo: 1086
POST Temperature 201
POST Humidity 201
POST PM10 201
POST PM2.5 201
Ciclo: 1087
POST Temperature 201
POST Humidity 201
POST PM10 201
POST PM2.5 201
Ciclo: 1088
POST Temperature 201
POST Humidity 201
POST PM10 201
POST PM2.5 201
Ciclo: 1089
POST Temperature 201
POST Humidity 201
POST PM10 201
POST PM2.5 201
Ciclo: 1090
POST Temperature 201
POST Humidity 201
POST PM10 201
POST PM2.5 201
Ciclo: 1091
POST Temperature 201
POST Humidity 201
POST PM10 201
POST PM2.5 201
Ciclo: 1092
POST Temperature 201
POST Humidity 201
POST PM10 201
POST PM2.5 201
Ciclo: 1093
POST Temperature 201
POST Humidity 201
POST PM10 201
POST PM2.5 201
Ciclo: 1094
POST Temperature 201
POST Humidity 201
POST PM10 201
POST PM2.5 201
Ciclo: 1095
POST Temperature 201
POST Humidity 201
POST PM10 201
POST PM2.5 201
Ciclo: 1096
POST Temperature 201
POST Humidity 201
POST PM10 201
POST PM2.5 201
Ciclo: 1097
POST Temperature 201
POST Humidity 201
POST PM10 201
POST PM2.5 201
Ciclo: 1098
POST Temperature 201
POST Humidity 201
POST PM10 201
POST PM2.5 201
Ciclo: 1099
POST Temperature 201
POST Humidity 201
POST PM10 201
POST PM2.5 201
Ciclo: 1100
POST Temperature 201
POST Humidity 201
POST PM10 201
POST PM2.5 201
Ciclo: 1101
POST Temperature 201
POST Humidity 201
POST PM10 201
POST PM2.5 201
Ciclo: 1102
POST Temperature 201
POST Humidity 201
POST PM10 201
POST PM2.5 201
Ciclo: 1103
POST Temperature 201
POST Humidity 201
POST PM10 201
POST PM2.5 201
Ciclo: 1104
POST Temperature 201
POST Humidity 201
POST PM10 201
POST PM2.5 201
Ciclo: 1105
POST Temperature 201
POST Humidity 201
POST PM10 201
POST PM2.5 201
Ciclo: 1106
POST Temperature 201
POST Humidity 201
POST PM10 201
POST PM2.5 201
Ciclo: 1107
POST Temperature 201
POST Humidity 201
POST PM10 201
POST PM2.5 201
Ciclo: 1108
POST Temperature 201
POST Humidity 201
POST PM10 201
POST PM2.5 201
Ciclo: 1109
POST Temperature 201
POST Humidity 201
POST PM10 201
POST PM2.5 201
Ciclo: 1110
POST Temperature 201
POST Humidity 201
POST PM10 201
POST PM2.5 201
Ciclo: 1111
POST Temperature 201
POST Humidity 201
POST PM10 201
POST PM2.5 201
Ciclo: 1112
POST Temperature 201
POST Humidity 201
POST PM10 201
POST PM2.5 201
Ciclo: 1113
POST Temperature 201
POST Humidity 201
POST PM10 201
POST PM2.5 201
Ciclo: 1114
POST Temperature 201
POST Humidity 201
POST PM10 201
POST PM2.5 201
Ciclo: 1115
POST Temperature 201
POST Humidity 201
POST PM10 201
POST PM2.5 201
Ciclo: 1116
POST Temperature 201
POST Humidity 201
POST PM10 201
POST PM2.5 201
Ciclo: 1117
POST Temperature 201
POST Humidity 201
POST PM10 201
POST PM2.5 201
Ciclo: 1118
POST Temperature 201
POST Humidity 201
POST PM10 201
POST PM2.5 201
Ciclo: 1119
POST Temperature 201
POST Humidity 201
POST PM10 201
POST PM2.5 201
Ciclo: 1120
POST Temperature 201
POST Humidity 201
POST PM10 201
POST PM2.5 201
Ciclo: 1121
POST Temperature 201
POST Humidity 201
POST PM10 201
POST PM2.5 201
Ciclo: 1122
POST Temperature 201
POST Humidity 201
POST PM10 201
POST PM2.5 201
Ciclo: 1123
POST Temperature 201
POST Humidity 201
POST PM10 201
POST PM2.5 201
Ciclo: 1124
POST Temperature 201
POST Humidity 201
POST PM10 201
POST PM2.5 201
Ciclo: 1125
POST Temperature 201
POST Humidity 201
POST PM10 201
POST PM2.5 201
Ciclo: 1126
POST Temperature 201
POST Humidity 201
POST PM10 201
POST PM2.5 201
Ciclo: 1127
POST Temperature 201
POST Humidity 201
POST PM10 201
POST PM2.5 201
Ciclo: 1128
POST Temperature 201
POST Humidity 201
POST PM10 201
POST PM2.5 201
Ciclo: 1129
POST Temperature 201
POST Humidity 201
POST PM10 201
POST PM2.5 201
Ciclo: 1130
POST Temperature 201
POST Humidity 201
POST PM10 201
POST PM2.5 201
Ciclo: 1131
POST Temperature 201
POST Humidity 201
POST PM10 201
POST PM2.5 201
Ciclo: 1132
POST Temperature 201
POST Humidity 201
POST PM10 201
POST PM2.5 201
Ciclo: 1133
POST Temperature 201
POST Humidity 201
POST PM10 201
POST PM2.5 201
Ciclo: 1134
POST Temperature 201
POST Humidity 201
POST PM10 201
POST PM2.5 201
Ciclo: 1135
POST Temperature 201
POST Humidity 201
POST PM10 201
POST PM2.5 201
Ciclo: 1136
POST Temperature 201
POST Humidity 201
POST PM10 201
POST PM2.5 201
Ciclo: 1137
POST Temperature 201
POST Humidity 201
POST PM10 201
POST PM2.5 201
Ciclo: 1138
POST Temperature 201
POST Humidity 201
POST PM10 201
POST PM2.5 201
Ciclo: 1139
POST Temperature 201
POST Humidity 201
POST PM10 201
POST PM2.5 201
Ciclo: 1140
POST Temperature 201
POST Humidity 201
POST PM10 201
POST PM2.5 201
Ciclo: 1141
POST Temperature 201
POST Humidity 201
POST PM10 201
POST PM2.5 201
Ciclo: 1142
POST Temperature 201
POST Humidity 201
POST PM10 201
POST PM2.5 201
Ciclo: 1143
POST Temperature 201
POST Humidity 201
POST PM10 201
POST PM2.5 201
Ciclo: 1144
POST Temperature 201
POST Humidity 201
POST PM10 201
POST PM2.5 201
Ciclo: 1145
POST Temperature 201
POST Humidity 201
POST PM10 201
POST PM2.5 201
Ciclo: 1146
POST Temperature 201
POST Humidity 201
POST PM10 201
POST PM2.5 201
Ciclo: 1147
POST Temperature 201
POST Humidity 201
POST PM10 201
POST PM2.5 201
Ciclo: 1148
POST Temperature 201
POST Humidity 201
POST PM10 201
POST PM2.5 201
Ciclo: 1149
POST Temperature 201
POST Humidity 201
POST PM10 201
POST PM2.5 201
Ciclo: 1150
POST Temperature 201
POST Humidity 201
POST PM10 201
POST PM2.5 201
Ciclo: 1151
POST Temperature 201
POST Humidity 201
POST PM10 201
POST PM2.5 201
Ciclo: 1152
POST Temperature 201
POST Humidity 201
POST PM10 201
POST PM2.5 201
Ciclo: 1153
POST Temperature 201
POST Humidity 201
POST PM10 201
POST PM2.5 201
Ciclo: 1154
POST Temperature 201
POST Humidity 201
POST PM10 201
POST PM2.5 201
Ciclo: 1155
POST Temperature 201
POST Humidity 201
POST PM10 201
POST PM2.5 201
Ciclo: 1156
POST Temperature 201
POST Humidity 201
POST PM10 201
POST PM2.5 201
Ciclo: 1157
POST Temperature 201
POST Humidity 201
POST PM10 201
POST PM2.5 201
Ciclo: 1158
POST Temperature 201
POST Humidity 201
POST PM10 201
POST PM2.5 201
Ciclo: 1159
POST Temperature 201
POST Humidity 201
POST PM10 201
POST PM2.5 201
Ciclo: 1160
POST Temperature 201
POST Humidity 201
POST PM10 201
POST PM2.5 201
Ciclo: 1161
POST Temperature 201
POST Humidity 201
POST PM10 201
POST PM2.5 201
Ciclo: 1162
POST Temperature 201
POST Humidity 201
POST PM10 201
POST PM2.5 201
Ciclo: 1163
Partenza: 1614371010.1860168
Ciclo: 1
POST Temperature 201
POST Humidity 201
POST PM10 201
POST PM2.5 201
Ciclo: 2
Partenza: 1614371427.7212982
Ciclo: 1
POST Temperature 201
POST Humidity 201
POST PM10 201
POST PM2.5 201
Ciclo: 2
Partenza: 1614371814.7419875
Ciclo: 1
POST Temperature 201
POST Humidity 201
POST PM10 201
POST PM2.5 201
Ciclo: 2
POST Temperature 201
POST Humidity 201
POST PM10 201
POST PM2.5 201
Ciclo: 3
POST Temperature 201
POST Humidity 201
POST PM10 201
POST PM2.5 201
Ciclo: 4
POST Temperature 201
POST Humidity 201
POST PM10 201
POST PM2.5 201
Ciclo: 5
POST Temperature 201
POST Humidity 201
POST PM10 201
POST PM2.5 201
Ciclo: 6
POST Temperature 201
POST Humidity 201
POST PM10 201
POST PM2.5 201
Ciclo: 7
POST Temperature 201
POST Humidity 201
POST PM10 201
POST PM2.5 201
Ciclo: 8
POST Temperature 201
POST Humidity 201
POST PM10 201
POST PM2.5 201
Ciclo: 9
POST Temperature 201
Partenza: 1614373960.906442
Ciclo: 1
Partenza: 1614374241.6437864
Ciclo: 1
POST Temperature 201
POST Humidity 201
POST PM10 201
POST PM2.5 201
Ciclo: 2
POST Temperature 201
POST Humidity 201
POST PM10 201
POST PM2.5 201
Ciclo: 3
Partenza: 1614374482.5083885
Ciclo: 1
POST Temperature 201
POST Humidity 201
POST PM10 201
POST PM2.5 201
Ciclo: 2
POST Temperature 201
POST Humidity 201
POST PM10 201
POST PM2.5 201
Ciclo: 3
